10-Jul-2024 22:40:15.394 INFO [main] org.apache.catalina.startup.VersionLoggerListener.log Server version name:   Apache Tomcat/9.0.89
10-Jul-2024 22:40:15.395 INFO [main] org.apache.catalina.startup.VersionLoggerListener.log Server built:          May 3 2024 20:22:11 UTC
10-Jul-2024 22:40:15.396 INFO [main] org.apache.catalina.startup.VersionLoggerListener.log Server version number: 9.0.89.0
10-Jul-2024 22:40:15.396 INFO [main] org.apache.catalina.startup.VersionLoggerListener.log OS Name:               Windows 11
10-Jul-2024 22:40:15.396 INFO [main] org.apache.catalina.startup.VersionLoggerListener.log OS Version:            10.0
10-Jul-2024 22:40:15.396 INFO [main] org.apache.catalina.startup.VersionLoggerListener.log Architecture:          amd64
10-Jul-2024 22:40:15.396 INFO [main] org.apache.catalina.startup.VersionLoggerListener.log Java Home:             C:\Program Files\Java\jdk-22
10-Jul-2024 22:40:15.396 INFO [main] org.apache.catalina.startup.VersionLoggerListener.log JVM Version:           22+36-2370
10-Jul-2024 22:40:15.396 INFO [main] org.apache.catalina.startup.VersionLoggerListener.log JVM Vendor:            Oracle Corporation
10-Jul-2024 22:40:15.396 INFO [main] org.apache.catalina.startup.VersionLoggerListener.log CATALINA_BASE:         C:\Users\fdcen\Desktop\proyectos_git\dental-clinic\apache-tomcat-9.0.89
10-Jul-2024 22:40:15.396 INFO [main] org.apache.catalina.startup.VersionLoggerListener.log CATALINA_HOME:         C:\Users\fdcen\Desktop\proyectos_git\dental-clinic\apache-tomcat-9.0.89
10-Jul-2024 22:40:15.400 INFO [main] org.apache.catalina.startup.VersionLoggerListener.log Command line argument: --add-opens=java.base/java.lang=ALL-UNNAMED
10-Jul-2024 22:40:15.400 INFO [main] org.apache.catalina.startup.VersionLoggerListener.log Command line argument: --add-opens=java.base/java.io=ALL-UNNAMED
10-Jul-2024 22:40:15.401 INFO [main] org.apache.catalina.startup.VersionLoggerListener.log Command line argument: --add-opens=java.base/java.util=ALL-UNNAMED
10-Jul-2024 22:40:15.401 INFO [main] org.apache.catalina.startup.VersionLoggerListener.log Command line argument: --add-opens=java.base/java.util.concurrent=ALL-UNNAMED
10-Jul-2024 22:40:15.401 INFO [main] org.apache.catalina.startup.VersionLoggerListener.log Command line argument: --add-opens=java.rmi/sun.rmi.transport=ALL-UNNAMED
10-Jul-2024 22:40:15.401 INFO [main] org.apache.catalina.startup.VersionLoggerListener.log Command line argument: -Djava.util.logging.config.file=C:\Users\fdcen\Desktop\proyectos_git\dental-clinic\apache-tomcat-9.0.89\conf\logging.properties
10-Jul-2024 22:40:15.401 INFO [main] org.apache.catalina.startup.VersionLoggerListener.log Command line argument: -Djava.util.logging.manager=org.apache.juli.ClassLoaderLogManager
10-Jul-2024 22:40:15.401 INFO [main] org.apache.catalina.startup.VersionLoggerListener.log Command line argument: -Djdk.tls.ephemeralDHKeySize=2048
10-Jul-2024 22:40:15.401 INFO [main] org.apache.catalina.startup.VersionLoggerListener.log Command line argument: -Djava.protocol.handler.pkgs=org.apache.catalina.webresources
10-Jul-2024 22:40:15.401 INFO [main] org.apache.catalina.startup.VersionLoggerListener.log Command line argument: -Dignore.endorsed.dirs=
10-Jul-2024 22:40:15.401 INFO [main] org.apache.catalina.startup.VersionLoggerListener.log Command line argument: -Dcatalina.base=C:\Users\fdcen\Desktop\proyectos_git\dental-clinic\apache-tomcat-9.0.89
10-Jul-2024 22:40:15.401 INFO [main] org.apache.catalina.startup.VersionLoggerListener.log Command line argument: -Dcatalina.home=C:\Users\fdcen\Desktop\proyectos_git\dental-clinic\apache-tomcat-9.0.89
10-Jul-2024 22:40:15.401 INFO [main] org.apache.catalina.startup.VersionLoggerListener.log Command line argument: -Djava.io.tmpdir=C:\Users\fdcen\Desktop\proyectos_git\dental-clinic\apache-tomcat-9.0.89\temp
10-Jul-2024 22:40:15.403 INFO [main] org.apache.catalina.core.AprLifecycleListener.lifecycleEvent Loaded Apache Tomcat Native library [1.3.0] using APR version [1.7.4].
10-Jul-2024 22:40:15.403 INFO [main] org.apache.catalina.core.AprLifecycleListener.lifecycleEvent APR capabilities: IPv6 [true], sendfile [true], accept filters [false], random [true], UDS [true].
10-Jul-2024 22:40:15.407 INFO [main] org.apache.catalina.core.AprLifecycleListener.lifecycleEvent APR/OpenSSL configuration: useAprConnector [false], useOpenSSL [true]
10-Jul-2024 22:40:15.410 INFO [main] org.apache.catalina.core.AprLifecycleListener.initializeSSL OpenSSL successfully initialized [OpenSSL 3.0.13 30 Jan 2024]
10-Jul-2024 22:40:15.571 INFO [main] org.apache.coyote.AbstractProtocol.init Initializing ProtocolHandler ["http-nio-8080"]
10-Jul-2024 22:40:15.583 INFO [main] org.apache.catalina.startup.Catalina.load Server initialization in [294] milliseconds
10-Jul-2024 22:40:15.623 INFO [main] org.apache.catalina.core.StandardService.startInternal Starting service [Catalina]
10-Jul-2024 22:40:15.623 INFO [main] org.apache.catalina.core.StandardEngine.startInternal Starting Servlet engine: [Apache Tomcat/9.0.89]
10-Jul-2024 22:40:15.628 INFO [main] org.apache.catalina.startup.HostConfig.deployDescriptor Deploying deployment descriptor [C:\Users\fdcen\Desktop\proyectos_git\dental-clinic\apache-tomcat-9.0.89\conf\Catalina\localhost\dental-clinic.xml]
10-Jul-2024 22:40:15.636 WARNING [main] org.apache.catalina.startup.HostConfig.deployDescriptor The path attribute with value [/dental-clinic] in deployment descriptor [C:\Users\fdcen\Desktop\proyectos_git\dental-clinic\apache-tomcat-9.0.89\conf\Catalina\localhost\dental-clinic.xml] has been ignored
10-Jul-2024 22:40:16.425 INFO [main] org.apache.jasper.servlet.TldScanner.scanJars At least one JAR was scanned for TLDs yet contained no TLDs. Enable debug logging for this logger for a complete list of JARs that were scanned but no TLDs were found in them. Skipping unneeded JARs during scanning can improve startup time and JSP compilation time.
10-Jul-2024 22:40:16.453 INFO [main] org.apache.catalina.startup.HostConfig.deployDescriptor Deployment of deployment descriptor [C:\Users\fdcen\Desktop\proyectos_git\dental-clinic\apache-tomcat-9.0.89\conf\Catalina\localhost\dental-clinic.xml] has finished in [825] ms
10-Jul-2024 22:40:16.453 INFO [main] org.apache.catalina.startup.HostConfig.deployDirectory Deploying web application directory [C:\Users\fdcen\Desktop\proyectos_git\dental-clinic\apache-tomcat-9.0.89\webapps\docs]
10-Jul-2024 22:40:16.474 INFO [main] org.apache.catalina.startup.HostConfig.deployDirectory Deployment of web application directory [C:\Users\fdcen\Desktop\proyectos_git\dental-clinic\apache-tomcat-9.0.89\webapps\docs] has finished in [21] ms
10-Jul-2024 22:40:16.474 INFO [main] org.apache.catalina.startup.HostConfig.deployDirectory Deploying web application directory [C:\Users\fdcen\Desktop\proyectos_git\dental-clinic\apache-tomcat-9.0.89\webapps\examples]
10-Jul-2024 22:40:16.725 INFO [main] org.apache.catalina.startup.HostConfig.deployDirectory Deployment of web application directory [C:\Users\fdcen\Desktop\proyectos_git\dental-clinic\apache-tomcat-9.0.89\webapps\examples] has finished in [251] ms
10-Jul-2024 22:40:16.725 INFO [main] org.apache.catalina.startup.HostConfig.deployDirectory Deploying web application directory [C:\Users\fdcen\Desktop\proyectos_git\dental-clinic\apache-tomcat-9.0.89\webapps\host-manager]
10-Jul-2024 22:40:16.747 INFO [main] org.apache.catalina.startup.HostConfig.deployDirectory Deployment of web application directory [C:\Users\fdcen\Desktop\proyectos_git\dental-clinic\apache-tomcat-9.0.89\webapps\host-manager] has finished in [22] ms
10-Jul-2024 22:40:16.748 INFO [main] org.apache.catalina.startup.HostConfig.deployDirectory Deploying web application directory [C:\Users\fdcen\Desktop\proyectos_git\dental-clinic\apache-tomcat-9.0.89\webapps\manager]
10-Jul-2024 22:40:16.770 INFO [main] org.apache.catalina.startup.HostConfig.deployDirectory Deployment of web application directory [C:\Users\fdcen\Desktop\proyectos_git\dental-clinic\apache-tomcat-9.0.89\webapps\manager] has finished in [22] ms
10-Jul-2024 22:40:16.770 INFO [main] org.apache.catalina.startup.HostConfig.deployDirectory Deploying web application directory [C:\Users\fdcen\Desktop\proyectos_git\dental-clinic\apache-tomcat-9.0.89\webapps\ROOT]
10-Jul-2024 22:40:16.784 INFO [main] org.apache.catalina.startup.HostConfig.deployDirectory Deployment of web application directory [C:\Users\fdcen\Desktop\proyectos_git\dental-clinic\apache-tomcat-9.0.89\webapps\ROOT] has finished in [14] ms
10-Jul-2024 22:40:16.786 INFO [main] org.apache.coyote.AbstractProtocol.start Starting ProtocolHandler ["http-nio-8080"]
10-Jul-2024 22:40:16.803 INFO [main] org.apache.catalina.startup.Catalina.start Server startup in [1218] milliseconds
10-Jul-2024 22:40:18.501 INFO [http-nio-8080-exec-9] org.apache.catalina.startup.HostConfig.undeploy Undeploying context [/dental-clinic]
10-Jul-2024 22:40:18.545 INFO [http-nio-8080-exec-10] org.apache.catalina.startup.HostConfig.deployDescriptor Deploying deployment descriptor [C:\Users\fdcen\Desktop\proyectos_git\dental-clinic\apache-tomcat-9.0.89\conf\Catalina\localhost\dental-clinic.xml]
10-Jul-2024 22:40:18.546 WARNING [http-nio-8080-exec-10] org.apache.catalina.startup.HostConfig.deployDescriptor The path attribute with value [/dental-clinic] in deployment descriptor [C:\Users\fdcen\Desktop\proyectos_git\dental-clinic\apache-tomcat-9.0.89\conf\Catalina\localhost\dental-clinic.xml] has been ignored
10-Jul-2024 22:40:19.099 INFO [http-nio-8080-exec-10] org.apache.jasper.servlet.TldScanner.scanJars At least one JAR was scanned for TLDs yet contained no TLDs. Enable debug logging for this logger for a complete list of JARs that were scanned but no TLDs were found in them. Skipping unneeded JARs during scanning can improve startup time and JSP compilation time.
10-Jul-2024 22:40:19.100 INFO [http-nio-8080-exec-10] org.apache.catalina.startup.HostConfig.deployDescriptor Deployment of deployment descriptor [C:\Users\fdcen\Desktop\proyectos_git\dental-clinic\apache-tomcat-9.0.89\conf\Catalina\localhost\dental-clinic.xml] has finished in [555] ms
10-Jul-2024 22:40:19.102 INFO [http-nio-8080-exec-7] org.apache.catalina.util.LifecycleBase.start The start() method was called on component [StandardEngine[Catalina].StandardHost[localhost].StandardContext[/dental-clinic]] after start() had already been called. The second call will be ignored.
10-Jul-2024 22:43:06.356 WARNING [http-nio-8080-exec-20] org.apache.catalina.loader.WebappClassLoaderBase.clearReferencesJdbc The web application [dental-clinic] registered the JDBC driver [com.mysql.cj.jdbc.Driver] but failed to unregister it when the web application was stopped. To prevent a memory leak, the JDBC Driver has been forcibly unregistered.
10-Jul-2024 22:43:06.356 WARNING [http-nio-8080-exec-20] org.apache.catalina.loader.WebappClassLoaderBase.clearReferencesThreads The web application [dental-clinic] appears to have started a thread named [mysql-cj-abandoned-connection-cleanup] but has failed to stop it. This is very likely to create a memory leak. Stack trace of thread:
 java.base/jdk.internal.misc.Unsafe.park(Native Method)
 java.base/java.util.concurrent.locks.LockSupport.parkNanos(LockSupport.java:269)
 java.base/java.util.concurrent.locks.AbstractQueuedSynchronizer$ConditionObject.await(AbstractQueuedSynchronizer.java:1847)
 java.base/java.lang.ref.ReferenceQueue.await(ReferenceQueue.java:71)
 java.base/java.lang.ref.ReferenceQueue.remove0(ReferenceQueue.java:143)
 java.base/java.lang.ref.ReferenceQueue.remove(ReferenceQueue.java:218)
 com.mysql.cj.jdbc.AbandonedConnectionCleanupThread.run(AbandonedConnectionCleanupThread.java:91)
 java.base/java.util.concurrent.ThreadPoolExecutor.runWorker(ThreadPoolExecutor.java:1144)
 java.base/java.util.concurrent.ThreadPoolExecutor$Worker.run(ThreadPoolExecutor.java:642)
 java.base/java.lang.Thread.run(Thread.java:1570)
10-Jul-2024 22:43:06.870 INFO [http-nio-8080-exec-20] org.apache.catalina.startup.HostConfig.undeploy Undeploying context [/dental-clinic]
10-Jul-2024 22:43:06.882 INFO [http-nio-8080-exec-12] org.apache.catalina.startup.HostConfig.deployDescriptor Deploying deployment descriptor [C:\Users\fdcen\Desktop\proyectos_git\dental-clinic\apache-tomcat-9.0.89\conf\Catalina\localhost\dental-clinic.xml]
10-Jul-2024 22:43:06.883 WARNING [http-nio-8080-exec-12] org.apache.catalina.startup.HostConfig.deployDescriptor The path attribute with value [/dental-clinic] in deployment descriptor [C:\Users\fdcen\Desktop\proyectos_git\dental-clinic\apache-tomcat-9.0.89\conf\Catalina\localhost\dental-clinic.xml] has been ignored
10-Jul-2024 22:43:07.279 INFO [mysql-cj-abandoned-connection-cleanup] org.apache.catalina.loader.WebappClassLoaderBase.checkStateForResourceLoading Illegal access: this web application instance has been stopped already. Could not load []. The following stack trace is thrown for debugging purposes as well as to attempt to terminate the thread which caused the illegal access.
	java.lang.IllegalStateException: Illegal access: this web application instance has been stopped already. Could not load []. The following stack trace is thrown for debugging purposes as well as to attempt to terminate the thread which caused the illegal access.
		at org.apache.catalina.loader.WebappClassLoaderBase.checkStateForResourceLoading(WebappClassLoaderBase.java:1328)
		at org.apache.catalina.loader.WebappClassLoaderBase.getResource(WebappClassLoaderBase.java:960)
		at com.mysql.cj.jdbc.AbandonedConnectionCleanupThread.checkThreadContextClassLoader(AbandonedConnectionCleanupThread.java:123)
		at com.mysql.cj.jdbc.AbandonedConnectionCleanupThread.run(AbandonedConnectionCleanupThread.java:90)
		at java.base/java.util.concurrent.ThreadPoolExecutor.runWorker(ThreadPoolExecutor.java:1144)
		at java.base/java.util.concurrent.ThreadPoolExecutor$Worker.run(ThreadPoolExecutor.java:642)
		at java.base/java.lang.Thread.run(Thread.java:1570)
10-Jul-2024 22:43:07.448 INFO [http-nio-8080-exec-12] org.apache.jasper.servlet.TldScanner.scanJars At least one JAR was scanned for TLDs yet contained no TLDs. Enable debug logging for this logger for a complete list of JARs that were scanned but no TLDs were found in them. Skipping unneeded JARs during scanning can improve startup time and JSP compilation time.
10-Jul-2024 22:43:07.451 INFO [http-nio-8080-exec-12] org.apache.catalina.startup.HostConfig.deployDescriptor Deployment of deployment descriptor [C:\Users\fdcen\Desktop\proyectos_git\dental-clinic\apache-tomcat-9.0.89\conf\Catalina\localhost\dental-clinic.xml] has finished in [569] ms
10-Jul-2024 22:43:07.453 INFO [http-nio-8080-exec-16] org.apache.catalina.util.LifecycleBase.start The start() method was called on component [StandardEngine[Catalina].StandardHost[localhost].StandardContext[/dental-clinic]] after start() had already been called. The second call will be ignored.
10-Jul-2024 22:44:45.740 INFO [http-nio-8080-exec-30] org.apache.catalina.startup.HostConfig.undeploy Undeploying context [/dental-clinic]
10-Jul-2024 22:44:45.751 INFO [http-nio-8080-exec-29] org.apache.catalina.startup.HostConfig.deployDescriptor Deploying deployment descriptor [C:\Users\fdcen\Desktop\proyectos_git\dental-clinic\apache-tomcat-9.0.89\conf\Catalina\localhost\dental-clinic.xml]
10-Jul-2024 22:44:45.751 WARNING [http-nio-8080-exec-29] org.apache.catalina.startup.HostConfig.deployDescriptor The path attribute with value [/dental-clinic] in deployment descriptor [C:\Users\fdcen\Desktop\proyectos_git\dental-clinic\apache-tomcat-9.0.89\conf\Catalina\localhost\dental-clinic.xml] has been ignored
10-Jul-2024 22:44:46.283 INFO [http-nio-8080-exec-29] org.apache.jasper.servlet.TldScanner.scanJars At least one JAR was scanned for TLDs yet contained no TLDs. Enable debug logging for this logger for a complete list of JARs that were scanned but no TLDs were found in them. Skipping unneeded JARs during scanning can improve startup time and JSP compilation time.
10-Jul-2024 22:44:46.285 INFO [http-nio-8080-exec-29] org.apache.catalina.startup.HostConfig.deployDescriptor Deployment of deployment descriptor [C:\Users\fdcen\Desktop\proyectos_git\dental-clinic\apache-tomcat-9.0.89\conf\Catalina\localhost\dental-clinic.xml] has finished in [533] ms
10-Jul-2024 22:44:46.286 INFO [http-nio-8080-exec-25] org.apache.catalina.util.LifecycleBase.start The start() method was called on component [StandardEngine[Catalina].StandardHost[localhost].StandardContext[/dental-clinic]] after start() had already been called. The second call will be ignored.
10-Jul-2024 22:45:29.103 WARNING [http-nio-8080-exec-32] org.apache.catalina.loader.WebappClassLoaderBase.clearReferencesJdbc The web application [dental-clinic] registered the JDBC driver [com.mysql.cj.jdbc.Driver] but failed to unregister it when the web application was stopped. To prevent a memory leak, the JDBC Driver has been forcibly unregistered.
10-Jul-2024 22:45:29.103 WARNING [http-nio-8080-exec-32] org.apache.catalina.loader.WebappClassLoaderBase.clearReferencesThreads The web application [dental-clinic] appears to have started a thread named [mysql-cj-abandoned-connection-cleanup] but has failed to stop it. This is very likely to create a memory leak. Stack trace of thread:
 java.base/jdk.internal.misc.Unsafe.park(Native Method)
 java.base/java.util.concurrent.locks.LockSupport.parkNanos(LockSupport.java:269)
 java.base/java.util.concurrent.locks.AbstractQueuedSynchronizer$ConditionObject.await(AbstractQueuedSynchronizer.java:1847)
 java.base/java.lang.ref.ReferenceQueue.await(ReferenceQueue.java:71)
 java.base/java.lang.ref.ReferenceQueue.remove0(ReferenceQueue.java:143)
 java.base/java.lang.ref.ReferenceQueue.remove(ReferenceQueue.java:218)
 com.mysql.cj.jdbc.AbandonedConnectionCleanupThread.run(AbandonedConnectionCleanupThread.java:91)
 java.base/java.util.concurrent.ThreadPoolExecutor.runWorker(ThreadPoolExecutor.java:1144)
 java.base/java.util.concurrent.ThreadPoolExecutor$Worker.run(ThreadPoolExecutor.java:642)
 java.base/java.lang.Thread.run(Thread.java:1570)
10-Jul-2024 22:45:29.606 INFO [http-nio-8080-exec-32] org.apache.catalina.startup.HostConfig.undeploy Undeploying context [/dental-clinic]
10-Jul-2024 22:45:29.617 INFO [http-nio-8080-exec-33] org.apache.catalina.startup.HostConfig.deployDescriptor Deploying deployment descriptor [C:\Users\fdcen\Desktop\proyectos_git\dental-clinic\apache-tomcat-9.0.89\conf\Catalina\localhost\dental-clinic.xml]
10-Jul-2024 22:45:29.617 WARNING [http-nio-8080-exec-33] org.apache.catalina.startup.HostConfig.deployDescriptor The path attribute with value [/dental-clinic] in deployment descriptor [C:\Users\fdcen\Desktop\proyectos_git\dental-clinic\apache-tomcat-9.0.89\conf\Catalina\localhost\dental-clinic.xml] has been ignored
10-Jul-2024 22:45:29.735 INFO [mysql-cj-abandoned-connection-cleanup] org.apache.catalina.loader.WebappClassLoaderBase.checkStateForResourceLoading Illegal access: this web application instance has been stopped already. Could not load []. The following stack trace is thrown for debugging purposes as well as to attempt to terminate the thread which caused the illegal access.
	java.lang.IllegalStateException: Illegal access: this web application instance has been stopped already. Could not load []. The following stack trace is thrown for debugging purposes as well as to attempt to terminate the thread which caused the illegal access.
		at org.apache.catalina.loader.WebappClassLoaderBase.checkStateForResourceLoading(WebappClassLoaderBase.java:1328)
		at org.apache.catalina.loader.WebappClassLoaderBase.getResource(WebappClassLoaderBase.java:960)
		at com.mysql.cj.jdbc.AbandonedConnectionCleanupThread.checkThreadContextClassLoader(AbandonedConnectionCleanupThread.java:123)
		at com.mysql.cj.jdbc.AbandonedConnectionCleanupThread.run(AbandonedConnectionCleanupThread.java:90)
		at java.base/java.util.concurrent.ThreadPoolExecutor.runWorker(ThreadPoolExecutor.java:1144)
		at java.base/java.util.concurrent.ThreadPoolExecutor$Worker.run(ThreadPoolExecutor.java:642)
		at java.base/java.lang.Thread.run(Thread.java:1570)
10-Jul-2024 22:45:30.148 INFO [http-nio-8080-exec-33] org.apache.jasper.servlet.TldScanner.scanJars At least one JAR was scanned for TLDs yet contained no TLDs. Enable debug logging for this logger for a complete list of JARs that were scanned but no TLDs were found in them. Skipping unneeded JARs during scanning can improve startup time and JSP compilation time.
10-Jul-2024 22:45:30.150 INFO [http-nio-8080-exec-33] org.apache.catalina.startup.HostConfig.deployDescriptor Deployment of deployment descriptor [C:\Users\fdcen\Desktop\proyectos_git\dental-clinic\apache-tomcat-9.0.89\conf\Catalina\localhost\dental-clinic.xml] has finished in [533] ms
10-Jul-2024 22:45:30.151 INFO [http-nio-8080-exec-34] org.apache.catalina.util.LifecycleBase.start The start() method was called on component [StandardEngine[Catalina].StandardHost[localhost].StandardContext[/dental-clinic]] after start() had already been called. The second call will be ignored.
10-Jul-2024 22:46:29.567 INFO [main] org.apache.catalina.core.StandardServer.await A valid shutdown command was received via the shutdown port. Stopping the Server instance.
10-Jul-2024 22:46:29.567 INFO [main] org.apache.coyote.AbstractProtocol.pause Pausing ProtocolHandler ["http-nio-8080"]
10-Jul-2024 22:46:29.569 INFO [main] org.apache.catalina.core.StandardService.stopInternal Stopping service [Catalina]
10-Jul-2024 22:46:29.575 WARNING [main] org.apache.catalina.loader.WebappClassLoaderBase.clearReferencesJdbc The web application [dental-clinic] registered the JDBC driver [com.mysql.cj.jdbc.Driver] but failed to unregister it when the web application was stopped. To prevent a memory leak, the JDBC Driver has been forcibly unregistered.
10-Jul-2024 22:46:29.575 WARNING [main] org.apache.catalina.loader.WebappClassLoaderBase.clearReferencesThreads The web application [dental-clinic] appears to have started a thread named [mysql-cj-abandoned-connection-cleanup] but has failed to stop it. This is very likely to create a memory leak. Stack trace of thread:
 java.base/jdk.internal.misc.Unsafe.park(Native Method)
 java.base/java.util.concurrent.locks.LockSupport.parkNanos(LockSupport.java:269)
 java.base/java.util.concurrent.locks.AbstractQueuedSynchronizer$ConditionObject.await(AbstractQueuedSynchronizer.java:1847)
 java.base/java.lang.ref.ReferenceQueue.await(ReferenceQueue.java:71)
 java.base/java.lang.ref.ReferenceQueue.remove0(ReferenceQueue.java:143)
 java.base/java.lang.ref.ReferenceQueue.remove(ReferenceQueue.java:218)
 com.mysql.cj.jdbc.AbandonedConnectionCleanupThread.run(AbandonedConnectionCleanupThread.java:91)
 java.base/java.util.concurrent.ThreadPoolExecutor.runWorker(ThreadPoolExecutor.java:1144)
 java.base/java.util.concurrent.ThreadPoolExecutor$Worker.run(ThreadPoolExecutor.java:642)
 java.base/java.lang.Thread.run(Thread.java:1570)
10-Jul-2024 22:46:29.579 INFO [main] org.apache.coyote.AbstractProtocol.stop Stopping ProtocolHandler ["http-nio-8080"]
10-Jul-2024 22:46:29.585 INFO [main] org.apache.coyote.AbstractProtocol.destroy Destroying ProtocolHandler ["http-nio-8080"]
