07-Jul-2024 01:15:25.925 INFO [main] org.apache.catalina.startup.VersionLoggerListener.log Server version name:   Apache Tomcat/9.0.89
07-Jul-2024 01:15:25.927 INFO [main] org.apache.catalina.startup.VersionLoggerListener.log Server built:          May 3 2024 20:22:11 UTC
07-Jul-2024 01:15:25.927 INFO [main] org.apache.catalina.startup.VersionLoggerListener.log Server version number: 9.0.89.0
07-Jul-2024 01:15:25.927 INFO [main] org.apache.catalina.startup.VersionLoggerListener.log OS Name:               Windows 11
07-Jul-2024 01:15:25.927 INFO [main] org.apache.catalina.startup.VersionLoggerListener.log OS Version:            10.0
07-Jul-2024 01:15:25.927 INFO [main] org.apache.catalina.startup.VersionLoggerListener.log Architecture:          amd64
07-Jul-2024 01:15:25.927 INFO [main] org.apache.catalina.startup.VersionLoggerListener.log Java Home:             C:\Program Files\Java\jdk-22
07-Jul-2024 01:15:25.927 INFO [main] org.apache.catalina.startup.VersionLoggerListener.log JVM Version:           22+36-2370
07-Jul-2024 01:15:25.927 INFO [main] org.apache.catalina.startup.VersionLoggerListener.log JVM Vendor:            Oracle Corporation
07-Jul-2024 01:15:25.927 INFO [main] org.apache.catalina.startup.VersionLoggerListener.log CATALINA_BASE:         C:\Users\fdcen\Desktop\proyectos_git\dental-clinic\apache-tomcat-9.0.89
07-Jul-2024 01:15:25.927 INFO [main] org.apache.catalina.startup.VersionLoggerListener.log CATALINA_HOME:         C:\Users\fdcen\Desktop\proyectos_git\dental-clinic\apache-tomcat-9.0.89
07-Jul-2024 01:15:25.932 INFO [main] org.apache.catalina.startup.VersionLoggerListener.log Command line argument: --add-opens=java.base/java.lang=ALL-UNNAMED
07-Jul-2024 01:15:25.932 INFO [main] org.apache.catalina.startup.VersionLoggerListener.log Command line argument: --add-opens=java.base/java.io=ALL-UNNAMED
07-Jul-2024 01:15:25.932 INFO [main] org.apache.catalina.startup.VersionLoggerListener.log Command line argument: --add-opens=java.base/java.util=ALL-UNNAMED
07-Jul-2024 01:15:25.932 INFO [main] org.apache.catalina.startup.VersionLoggerListener.log Command line argument: --add-opens=java.base/java.util.concurrent=ALL-UNNAMED
07-Jul-2024 01:15:25.932 INFO [main] org.apache.catalina.startup.VersionLoggerListener.log Command line argument: --add-opens=java.rmi/sun.rmi.transport=ALL-UNNAMED
07-Jul-2024 01:15:25.932 INFO [main] org.apache.catalina.startup.VersionLoggerListener.log Command line argument: -Djava.util.logging.config.file=C:\Users\fdcen\Desktop\proyectos_git\dental-clinic\apache-tomcat-9.0.89\conf\logging.properties
07-Jul-2024 01:15:25.932 INFO [main] org.apache.catalina.startup.VersionLoggerListener.log Command line argument: -Djava.util.logging.manager=org.apache.juli.ClassLoaderLogManager
07-Jul-2024 01:15:25.932 INFO [main] org.apache.catalina.startup.VersionLoggerListener.log Command line argument: -Djdk.tls.ephemeralDHKeySize=2048
07-Jul-2024 01:15:25.933 INFO [main] org.apache.catalina.startup.VersionLoggerListener.log Command line argument: -Djava.protocol.handler.pkgs=org.apache.catalina.webresources
07-Jul-2024 01:15:25.933 INFO [main] org.apache.catalina.startup.VersionLoggerListener.log Command line argument: -Dignore.endorsed.dirs=
07-Jul-2024 01:15:25.933 INFO [main] org.apache.catalina.startup.VersionLoggerListener.log Command line argument: -Dcatalina.base=C:\Users\fdcen\Desktop\proyectos_git\dental-clinic\apache-tomcat-9.0.89
07-Jul-2024 01:15:25.933 INFO [main] org.apache.catalina.startup.VersionLoggerListener.log Command line argument: -Dcatalina.home=C:\Users\fdcen\Desktop\proyectos_git\dental-clinic\apache-tomcat-9.0.89
07-Jul-2024 01:15:25.933 INFO [main] org.apache.catalina.startup.VersionLoggerListener.log Command line argument: -Djava.io.tmpdir=C:\Users\fdcen\Desktop\proyectos_git\dental-clinic\apache-tomcat-9.0.89\temp
07-Jul-2024 01:15:25.934 INFO [main] org.apache.catalina.core.AprLifecycleListener.lifecycleEvent Loaded Apache Tomcat Native library [1.3.0] using APR version [1.7.4].
07-Jul-2024 01:15:25.935 INFO [main] org.apache.catalina.core.AprLifecycleListener.lifecycleEvent APR capabilities: IPv6 [true], sendfile [true], accept filters [false], random [true], UDS [true].
07-Jul-2024 01:15:25.963 INFO [main] org.apache.catalina.core.AprLifecycleListener.lifecycleEvent APR/OpenSSL configuration: useAprConnector [false], useOpenSSL [true]
07-Jul-2024 01:15:25.966 INFO [main] org.apache.catalina.core.AprLifecycleListener.initializeSSL OpenSSL successfully initialized [OpenSSL 3.0.13 30 Jan 2024]
07-Jul-2024 01:15:26.129 INFO [main] org.apache.coyote.AbstractProtocol.init Initializing ProtocolHandler ["http-nio-8080"]
07-Jul-2024 01:15:26.140 INFO [main] org.apache.catalina.startup.Catalina.load Server initialization in [315] milliseconds
07-Jul-2024 01:15:26.173 INFO [main] org.apache.catalina.core.StandardService.startInternal Starting service [Catalina]
07-Jul-2024 01:15:26.173 INFO [main] org.apache.catalina.core.StandardEngine.startInternal Starting Servlet engine: [Apache Tomcat/9.0.89]
07-Jul-2024 01:15:26.177 INFO [main] org.apache.catalina.startup.HostConfig.deployDescriptor Deploying deployment descriptor [C:\Users\fdcen\Desktop\proyectos_git\dental-clinic\apache-tomcat-9.0.89\conf\Catalina\localhost\dental-clinic.xml]
07-Jul-2024 01:15:26.185 WARNING [main] org.apache.catalina.startup.HostConfig.deployDescriptor The path attribute with value [/dental-clinic] in deployment descriptor [C:\Users\fdcen\Desktop\proyectos_git\dental-clinic\apache-tomcat-9.0.89\conf\Catalina\localhost\dental-clinic.xml] has been ignored
07-Jul-2024 01:15:27.019 INFO [main] org.apache.jasper.servlet.TldScanner.scanJars At least one JAR was scanned for TLDs yet contained no TLDs. Enable debug logging for this logger for a complete list of JARs that were scanned but no TLDs were found in them. Skipping unneeded JARs during scanning can improve startup time and JSP compilation time.
07-Jul-2024 01:15:27.049 INFO [main] org.apache.catalina.startup.HostConfig.deployDescriptor Deployment of deployment descriptor [C:\Users\fdcen\Desktop\proyectos_git\dental-clinic\apache-tomcat-9.0.89\conf\Catalina\localhost\dental-clinic.xml] has finished in [872] ms
07-Jul-2024 01:15:27.049 INFO [main] org.apache.catalina.startup.HostConfig.deployDirectory Deploying web application directory [C:\Users\fdcen\Desktop\proyectos_git\dental-clinic\apache-tomcat-9.0.89\webapps\docs]
07-Jul-2024 01:15:27.070 INFO [main] org.apache.catalina.startup.HostConfig.deployDirectory Deployment of web application directory [C:\Users\fdcen\Desktop\proyectos_git\dental-clinic\apache-tomcat-9.0.89\webapps\docs] has finished in [21] ms
07-Jul-2024 01:15:27.070 INFO [main] org.apache.catalina.startup.HostConfig.deployDirectory Deploying web application directory [C:\Users\fdcen\Desktop\proyectos_git\dental-clinic\apache-tomcat-9.0.89\webapps\examples]
07-Jul-2024 01:15:27.319 INFO [main] org.apache.catalina.startup.HostConfig.deployDirectory Deployment of web application directory [C:\Users\fdcen\Desktop\proyectos_git\dental-clinic\apache-tomcat-9.0.89\webapps\examples] has finished in [249] ms
07-Jul-2024 01:15:27.320 INFO [main] org.apache.catalina.startup.HostConfig.deployDirectory Deploying web application directory [C:\Users\fdcen\Desktop\proyectos_git\dental-clinic\apache-tomcat-9.0.89\webapps\host-manager]
07-Jul-2024 01:15:27.342 INFO [main] org.apache.catalina.startup.HostConfig.deployDirectory Deployment of web application directory [C:\Users\fdcen\Desktop\proyectos_git\dental-clinic\apache-tomcat-9.0.89\webapps\host-manager] has finished in [22] ms
07-Jul-2024 01:15:27.342 INFO [main] org.apache.catalina.startup.HostConfig.deployDirectory Deploying web application directory [C:\Users\fdcen\Desktop\proyectos_git\dental-clinic\apache-tomcat-9.0.89\webapps\manager]
07-Jul-2024 01:15:27.362 INFO [main] org.apache.catalina.startup.HostConfig.deployDirectory Deployment of web application directory [C:\Users\fdcen\Desktop\proyectos_git\dental-clinic\apache-tomcat-9.0.89\webapps\manager] has finished in [20] ms
07-Jul-2024 01:15:27.363 INFO [main] org.apache.catalina.startup.HostConfig.deployDirectory Deploying web application directory [C:\Users\fdcen\Desktop\proyectos_git\dental-clinic\apache-tomcat-9.0.89\webapps\ROOT]
07-Jul-2024 01:15:27.377 INFO [main] org.apache.catalina.startup.HostConfig.deployDirectory Deployment of web application directory [C:\Users\fdcen\Desktop\proyectos_git\dental-clinic\apache-tomcat-9.0.89\webapps\ROOT] has finished in [14] ms
07-Jul-2024 01:15:27.379 INFO [main] org.apache.coyote.AbstractProtocol.start Starting ProtocolHandler ["http-nio-8080"]
07-Jul-2024 01:15:27.393 INFO [main] org.apache.catalina.startup.Catalina.start Server startup in [1252] milliseconds
07-Jul-2024 01:15:29.328 INFO [http-nio-8080-exec-10] org.apache.catalina.startup.HostConfig.undeploy Undeploying context [/dental-clinic]
07-Jul-2024 01:15:29.356 INFO [http-nio-8080-exec-4] org.apache.catalina.startup.HostConfig.deployDescriptor Deploying deployment descriptor [C:\Users\fdcen\Desktop\proyectos_git\dental-clinic\apache-tomcat-9.0.89\conf\Catalina\localhost\dental-clinic.xml]
07-Jul-2024 01:15:29.357 WARNING [http-nio-8080-exec-4] org.apache.catalina.startup.HostConfig.deployDescriptor The path attribute with value [/dental-clinic] in deployment descriptor [C:\Users\fdcen\Desktop\proyectos_git\dental-clinic\apache-tomcat-9.0.89\conf\Catalina\localhost\dental-clinic.xml] has been ignored
07-Jul-2024 01:15:29.919 INFO [http-nio-8080-exec-4] org.apache.jasper.servlet.TldScanner.scanJars At least one JAR was scanned for TLDs yet contained no TLDs. Enable debug logging for this logger for a complete list of JARs that were scanned but no TLDs were found in them. Skipping unneeded JARs during scanning can improve startup time and JSP compilation time.
07-Jul-2024 01:15:29.921 INFO [http-nio-8080-exec-4] org.apache.catalina.startup.HostConfig.deployDescriptor Deployment of deployment descriptor [C:\Users\fdcen\Desktop\proyectos_git\dental-clinic\apache-tomcat-9.0.89\conf\Catalina\localhost\dental-clinic.xml] has finished in [565] ms
07-Jul-2024 01:15:29.923 INFO [http-nio-8080-exec-8] org.apache.catalina.util.LifecycleBase.start The start() method was called on component [StandardEngine[Catalina].StandardHost[localhost].StandardContext[/dental-clinic]] after start() had already been called. The second call will be ignored.
07-Jul-2024 01:44:52.711 WARNING [http-nio-8080-exec-11] org.apache.catalina.loader.WebappClassLoaderBase.clearReferencesJdbc The web application [dental-clinic] registered the JDBC driver [com.mysql.cj.jdbc.Driver] but failed to unregister it when the web application was stopped. To prevent a memory leak, the JDBC Driver has been forcibly unregistered.
07-Jul-2024 01:44:52.711 WARNING [http-nio-8080-exec-11] org.apache.catalina.loader.WebappClassLoaderBase.clearReferencesThreads The web application [dental-clinic] appears to have started a thread named [mysql-cj-abandoned-connection-cleanup] but has failed to stop it. This is very likely to create a memory leak. Stack trace of thread:
 java.base/jdk.internal.misc.Unsafe.park(Native Method)
 java.base/java.util.concurrent.locks.LockSupport.parkNanos(LockSupport.java:269)
 java.base/java.util.concurrent.locks.AbstractQueuedSynchronizer$ConditionObject.await(AbstractQueuedSynchronizer.java:1847)
 java.base/java.lang.ref.ReferenceQueue.await(ReferenceQueue.java:71)
 java.base/java.lang.ref.ReferenceQueue.remove0(ReferenceQueue.java:143)
 java.base/java.lang.ref.ReferenceQueue.remove(ReferenceQueue.java:218)
 com.mysql.cj.jdbc.AbandonedConnectionCleanupThread.run(AbandonedConnectionCleanupThread.java:91)
 java.base/java.util.concurrent.ThreadPoolExecutor.runWorker(ThreadPoolExecutor.java:1144)
 java.base/java.util.concurrent.ThreadPoolExecutor$Worker.run(ThreadPoolExecutor.java:642)
 java.base/java.lang.Thread.run(Thread.java:1570)
07-Jul-2024 01:44:53.221 INFO [http-nio-8080-exec-11] org.apache.catalina.startup.HostConfig.undeploy Undeploying context [/dental-clinic]
07-Jul-2024 01:44:53.235 INFO [http-nio-8080-exec-14] org.apache.catalina.startup.HostConfig.deployDescriptor Deploying deployment descriptor [C:\Users\fdcen\Desktop\proyectos_git\dental-clinic\apache-tomcat-9.0.89\conf\Catalina\localhost\dental-clinic.xml]
07-Jul-2024 01:44:53.236 WARNING [http-nio-8080-exec-14] org.apache.catalina.startup.HostConfig.deployDescriptor The path attribute with value [/dental-clinic] in deployment descriptor [C:\Users\fdcen\Desktop\proyectos_git\dental-clinic\apache-tomcat-9.0.89\conf\Catalina\localhost\dental-clinic.xml] has been ignored
07-Jul-2024 01:44:53.792 INFO [http-nio-8080-exec-14] org.apache.jasper.servlet.TldScanner.scanJars At least one JAR was scanned for TLDs yet contained no TLDs. Enable debug logging for this logger for a complete list of JARs that were scanned but no TLDs were found in them. Skipping unneeded JARs during scanning can improve startup time and JSP compilation time.
07-Jul-2024 01:44:53.794 INFO [http-nio-8080-exec-14] org.apache.catalina.startup.HostConfig.deployDescriptor Deployment of deployment descriptor [C:\Users\fdcen\Desktop\proyectos_git\dental-clinic\apache-tomcat-9.0.89\conf\Catalina\localhost\dental-clinic.xml] has finished in [559] ms
07-Jul-2024 01:44:53.796 INFO [http-nio-8080-exec-15] org.apache.catalina.util.LifecycleBase.start The start() method was called on component [StandardEngine[Catalina].StandardHost[localhost].StandardContext[/dental-clinic]] after start() had already been called. The second call will be ignored.
07-Jul-2024 01:44:56.464 INFO [mysql-cj-abandoned-connection-cleanup] org.apache.catalina.loader.WebappClassLoaderBase.checkStateForResourceLoading Illegal access: this web application instance has been stopped already. Could not load []. The following stack trace is thrown for debugging purposes as well as to attempt to terminate the thread which caused the illegal access.
	java.lang.IllegalStateException: Illegal access: this web application instance has been stopped already. Could not load []. The following stack trace is thrown for debugging purposes as well as to attempt to terminate the thread which caused the illegal access.
		at org.apache.catalina.loader.WebappClassLoaderBase.checkStateForResourceLoading(WebappClassLoaderBase.java:1328)
		at org.apache.catalina.loader.WebappClassLoaderBase.getResource(WebappClassLoaderBase.java:960)
		at com.mysql.cj.jdbc.AbandonedConnectionCleanupThread.checkThreadContextClassLoader(AbandonedConnectionCleanupThread.java:123)
		at com.mysql.cj.jdbc.AbandonedConnectionCleanupThread.run(AbandonedConnectionCleanupThread.java:90)
		at java.base/java.util.concurrent.ThreadPoolExecutor.runWorker(ThreadPoolExecutor.java:1144)
		at java.base/java.util.concurrent.ThreadPoolExecutor$Worker.run(ThreadPoolExecutor.java:642)
		at java.base/java.lang.Thread.run(Thread.java:1570)
07-Jul-2024 01:48:36.549 WARNING [http-nio-8080-exec-22] org.apache.catalina.loader.WebappClassLoaderBase.clearReferencesJdbc The web application [dental-clinic] registered the JDBC driver [com.mysql.cj.jdbc.Driver] but failed to unregister it when the web application was stopped. To prevent a memory leak, the JDBC Driver has been forcibly unregistered.
07-Jul-2024 01:48:36.549 WARNING [http-nio-8080-exec-22] org.apache.catalina.loader.WebappClassLoaderBase.clearReferencesThreads The web application [dental-clinic] appears to have started a thread named [mysql-cj-abandoned-connection-cleanup] but has failed to stop it. This is very likely to create a memory leak. Stack trace of thread:
 java.base/jdk.internal.misc.Unsafe.park(Native Method)
 java.base/java.util.concurrent.locks.LockSupport.parkNanos(LockSupport.java:269)
 java.base/java.util.concurrent.locks.AbstractQueuedSynchronizer$ConditionObject.await(AbstractQueuedSynchronizer.java:1847)
 java.base/java.lang.ref.ReferenceQueue.await(ReferenceQueue.java:71)
 java.base/java.lang.ref.ReferenceQueue.remove0(ReferenceQueue.java:143)
 java.base/java.lang.ref.ReferenceQueue.remove(ReferenceQueue.java:218)
 com.mysql.cj.jdbc.AbandonedConnectionCleanupThread.run(AbandonedConnectionCleanupThread.java:91)
 java.base/java.util.concurrent.ThreadPoolExecutor.runWorker(ThreadPoolExecutor.java:1144)
 java.base/java.util.concurrent.ThreadPoolExecutor$Worker.run(ThreadPoolExecutor.java:642)
 java.base/java.lang.Thread.run(Thread.java:1570)
07-Jul-2024 01:48:37.066 INFO [http-nio-8080-exec-22] org.apache.catalina.startup.HostConfig.undeploy Undeploying context [/dental-clinic]
07-Jul-2024 01:48:37.076 INFO [http-nio-8080-exec-28] org.apache.catalina.startup.HostConfig.deployDescriptor Deploying deployment descriptor [C:\Users\fdcen\Desktop\proyectos_git\dental-clinic\apache-tomcat-9.0.89\conf\Catalina\localhost\dental-clinic.xml]
07-Jul-2024 01:48:37.077 WARNING [http-nio-8080-exec-28] org.apache.catalina.startup.HostConfig.deployDescriptor The path attribute with value [/dental-clinic] in deployment descriptor [C:\Users\fdcen\Desktop\proyectos_git\dental-clinic\apache-tomcat-9.0.89\conf\Catalina\localhost\dental-clinic.xml] has been ignored
07-Jul-2024 01:48:37.154 INFO [mysql-cj-abandoned-connection-cleanup] org.apache.catalina.loader.WebappClassLoaderBase.checkStateForResourceLoading Illegal access: this web application instance has been stopped already. Could not load []. The following stack trace is thrown for debugging purposes as well as to attempt to terminate the thread which caused the illegal access.
	java.lang.IllegalStateException: Illegal access: this web application instance has been stopped already. Could not load []. The following stack trace is thrown for debugging purposes as well as to attempt to terminate the thread which caused the illegal access.
		at org.apache.catalina.loader.WebappClassLoaderBase.checkStateForResourceLoading(WebappClassLoaderBase.java:1328)
		at org.apache.catalina.loader.WebappClassLoaderBase.getResource(WebappClassLoaderBase.java:960)
		at com.mysql.cj.jdbc.AbandonedConnectionCleanupThread.checkThreadContextClassLoader(AbandonedConnectionCleanupThread.java:123)
		at com.mysql.cj.jdbc.AbandonedConnectionCleanupThread.run(AbandonedConnectionCleanupThread.java:90)
		at java.base/java.util.concurrent.ThreadPoolExecutor.runWorker(ThreadPoolExecutor.java:1144)
		at java.base/java.util.concurrent.ThreadPoolExecutor$Worker.run(ThreadPoolExecutor.java:642)
		at java.base/java.lang.Thread.run(Thread.java:1570)
07-Jul-2024 01:48:37.597 INFO [http-nio-8080-exec-28] org.apache.jasper.servlet.TldScanner.scanJars At least one JAR was scanned for TLDs yet contained no TLDs. Enable debug logging for this logger for a complete list of JARs that were scanned but no TLDs were found in them. Skipping unneeded JARs during scanning can improve startup time and JSP compilation time.
07-Jul-2024 01:48:37.599 INFO [http-nio-8080-exec-28] org.apache.catalina.startup.HostConfig.deployDescriptor Deployment of deployment descriptor [C:\Users\fdcen\Desktop\proyectos_git\dental-clinic\apache-tomcat-9.0.89\conf\Catalina\localhost\dental-clinic.xml] has finished in [523] ms
07-Jul-2024 01:48:37.601 INFO [http-nio-8080-exec-24] org.apache.catalina.util.LifecycleBase.start The start() method was called on component [StandardEngine[Catalina].StandardHost[localhost].StandardContext[/dental-clinic]] after start() had already been called. The second call will be ignored.
07-Jul-2024 01:48:58.365 SEVERE [http-nio-8080-exec-33] persistence.ControladoraPersistencia.deleteUser null
	persistence.exceptions.NonexistentEntityException: The usuario with id 10 no longer exists.
		at persistence.UsuarioJpaController.destroy(UsuarioJpaController.java:77)
		at persistence.ControladoraPersistencia.deleteUser(ControladoraPersistencia.java:30)
		at logic.Controladora.deleteUser(Controladora.java:26)
		at servlets.SvDeleteUser.doPost(SvDeleteUser.java:32)
		at javax.servlet.http.HttpServlet.service(HttpServlet.java:555)
		at javax.servlet.http.HttpServlet.service(HttpServlet.java:623)
		at org.apache.catalina.core.ApplicationFilterChain.internalDoFilter(ApplicationFilterChain.java:199)
		at org.apache.catalina.core.ApplicationFilterChain.doFilter(ApplicationFilterChain.java:144)
		at org.apache.tomcat.websocket.server.WsFilter.doFilter(WsFilter.java:51)
		at org.apache.catalina.core.ApplicationFilterChain.internalDoFilter(ApplicationFilterChain.java:168)
		at org.apache.catalina.core.ApplicationFilterChain.doFilter(ApplicationFilterChain.java:144)
		at org.apache.catalina.core.StandardWrapperValve.invoke(StandardWrapperValve.java:168)
		at org.apache.catalina.core.StandardContextValve.invoke(StandardContextValve.java:90)
		at org.apache.catalina.authenticator.AuthenticatorBase.invoke(AuthenticatorBase.java:481)
		at org.apache.catalina.core.StandardHostValve.invoke(StandardHostValve.java:130)
		at org.apache.catalina.valves.ErrorReportValve.invoke(ErrorReportValve.java:93)
		at org.apache.catalina.valves.AbstractAccessLogValve.invoke(AbstractAccessLogValve.java:660)
		at org.apache.catalina.core.StandardEngineValve.invoke(StandardEngineValve.java:74)
		at org.apache.catalina.connector.CoyoteAdapter.service(CoyoteAdapter.java:346)
		at org.apache.coyote.http11.Http11Processor.service(Http11Processor.java:388)
		at org.apache.coyote.AbstractProcessorLight.process(AbstractProcessorLight.java:63)
		at org.apache.coyote.AbstractProtocol$ConnectionHandler.process(AbstractProtocol.java:928)
		at org.apache.tomcat.util.net.NioEndpoint$SocketProcessor.doRun(NioEndpoint.java:1791)
		at org.apache.tomcat.util.net.SocketProcessorBase.run(SocketProcessorBase.java:52)
		at org.apache.tomcat.util.threads.ThreadPoolExecutor.runWorker(ThreadPoolExecutor.java:1190)
		at org.apache.tomcat.util.threads.ThreadPoolExecutor$Worker.run(ThreadPoolExecutor.java:659)
		at org.apache.tomcat.util.threads.TaskThread$WrappingRunnable.run(TaskThread.java:63)
		at java.base/java.lang.Thread.run(Thread.java:1570)
	Caused by: javax.persistence.EntityNotFoundException: Could not find Entity for id: 10
		at org.eclipse.persistence.internal.jpa.EntityManagerImpl.getReference(EntityManagerImpl.java:1530)
		at persistence.UsuarioJpaController.destroy(UsuarioJpaController.java:74)
		... 27 more
07-Jul-2024 02:03:01.822 INFO [main] org.apache.catalina.core.StandardServer.await A valid shutdown command was received via the shutdown port. Stopping the Server instance.
07-Jul-2024 02:03:01.822 INFO [main] org.apache.coyote.AbstractProtocol.pause Pausing ProtocolHandler ["http-nio-8080"]
07-Jul-2024 02:03:01.823 INFO [main] org.apache.catalina.core.StandardService.stopInternal Stopping service [Catalina]
07-Jul-2024 02:03:01.829 WARNING [main] org.apache.catalina.loader.WebappClassLoaderBase.clearReferencesJdbc The web application [dental-clinic] registered the JDBC driver [com.mysql.cj.jdbc.Driver] but failed to unregister it when the web application was stopped. To prevent a memory leak, the JDBC Driver has been forcibly unregistered.
07-Jul-2024 02:03:01.829 WARNING [main] org.apache.catalina.loader.WebappClassLoaderBase.clearReferencesThreads The web application [dental-clinic] appears to have started a thread named [mysql-cj-abandoned-connection-cleanup] but has failed to stop it. This is very likely to create a memory leak. Stack trace of thread:
 java.base/jdk.internal.misc.Unsafe.park(Native Method)
 java.base/java.util.concurrent.locks.LockSupport.parkNanos(LockSupport.java:269)
 java.base/java.util.concurrent.locks.AbstractQueuedSynchronizer$ConditionObject.await(AbstractQueuedSynchronizer.java:1847)
 java.base/java.lang.ref.ReferenceQueue.await(ReferenceQueue.java:71)
 java.base/java.lang.ref.ReferenceQueue.remove0(ReferenceQueue.java:143)
 java.base/java.lang.ref.ReferenceQueue.remove(ReferenceQueue.java:218)
 com.mysql.cj.jdbc.AbandonedConnectionCleanupThread.run(AbandonedConnectionCleanupThread.java:91)
 java.base/java.util.concurrent.ThreadPoolExecutor.runWorker(ThreadPoolExecutor.java:1144)
 java.base/java.util.concurrent.ThreadPoolExecutor$Worker.run(ThreadPoolExecutor.java:642)
 java.base/java.lang.Thread.run(Thread.java:1570)
07-Jul-2024 02:03:01.833 INFO [main] org.apache.coyote.AbstractProtocol.stop Stopping ProtocolHandler ["http-nio-8080"]
07-Jul-2024 02:03:01.835 INFO [main] org.apache.coyote.AbstractProtocol.destroy Destroying ProtocolHandler ["http-nio-8080"]
07-Jul-2024 11:22:11.574 INFO [main] org.apache.catalina.startup.VersionLoggerListener.log Server version name:   Apache Tomcat/9.0.89
07-Jul-2024 11:22:11.576 INFO [main] org.apache.catalina.startup.VersionLoggerListener.log Server built:          May 3 2024 20:22:11 UTC
07-Jul-2024 11:22:11.577 INFO [main] org.apache.catalina.startup.VersionLoggerListener.log Server version number: 9.0.89.0
07-Jul-2024 11:22:11.577 INFO [main] org.apache.catalina.startup.VersionLoggerListener.log OS Name:               Windows 11
07-Jul-2024 11:22:11.577 INFO [main] org.apache.catalina.startup.VersionLoggerListener.log OS Version:            10.0
07-Jul-2024 11:22:11.577 INFO [main] org.apache.catalina.startup.VersionLoggerListener.log Architecture:          amd64
07-Jul-2024 11:22:11.577 INFO [main] org.apache.catalina.startup.VersionLoggerListener.log Java Home:             C:\Program Files\Java\jdk-22
07-Jul-2024 11:22:11.577 INFO [main] org.apache.catalina.startup.VersionLoggerListener.log JVM Version:           22+36-2370
07-Jul-2024 11:22:11.577 INFO [main] org.apache.catalina.startup.VersionLoggerListener.log JVM Vendor:            Oracle Corporation
07-Jul-2024 11:22:11.577 INFO [main] org.apache.catalina.startup.VersionLoggerListener.log CATALINA_BASE:         C:\Users\fdcen\Desktop\proyectos_git\dental-clinic\apache-tomcat-9.0.89
07-Jul-2024 11:22:11.577 INFO [main] org.apache.catalina.startup.VersionLoggerListener.log CATALINA_HOME:         C:\Users\fdcen\Desktop\proyectos_git\dental-clinic\apache-tomcat-9.0.89
07-Jul-2024 11:22:11.581 INFO [main] org.apache.catalina.startup.VersionLoggerListener.log Command line argument: --add-opens=java.base/java.lang=ALL-UNNAMED
07-Jul-2024 11:22:11.581 INFO [main] org.apache.catalina.startup.VersionLoggerListener.log Command line argument: --add-opens=java.base/java.io=ALL-UNNAMED
07-Jul-2024 11:22:11.581 INFO [main] org.apache.catalina.startup.VersionLoggerListener.log Command line argument: --add-opens=java.base/java.util=ALL-UNNAMED
07-Jul-2024 11:22:11.581 INFO [main] org.apache.catalina.startup.VersionLoggerListener.log Command line argument: --add-opens=java.base/java.util.concurrent=ALL-UNNAMED
07-Jul-2024 11:22:11.581 INFO [main] org.apache.catalina.startup.VersionLoggerListener.log Command line argument: --add-opens=java.rmi/sun.rmi.transport=ALL-UNNAMED
07-Jul-2024 11:22:11.581 INFO [main] org.apache.catalina.startup.VersionLoggerListener.log Command line argument: -Djava.util.logging.config.file=C:\Users\fdcen\Desktop\proyectos_git\dental-clinic\apache-tomcat-9.0.89\conf\logging.properties
07-Jul-2024 11:22:11.581 INFO [main] org.apache.catalina.startup.VersionLoggerListener.log Command line argument: -Djava.util.logging.manager=org.apache.juli.ClassLoaderLogManager
07-Jul-2024 11:22:11.581 INFO [main] org.apache.catalina.startup.VersionLoggerListener.log Command line argument: -Djdk.tls.ephemeralDHKeySize=2048
07-Jul-2024 11:22:11.581 INFO [main] org.apache.catalina.startup.VersionLoggerListener.log Command line argument: -Djava.protocol.handler.pkgs=org.apache.catalina.webresources
07-Jul-2024 11:22:11.581 INFO [main] org.apache.catalina.startup.VersionLoggerListener.log Command line argument: -Dignore.endorsed.dirs=
07-Jul-2024 11:22:11.581 INFO [main] org.apache.catalina.startup.VersionLoggerListener.log Command line argument: -Dcatalina.base=C:\Users\fdcen\Desktop\proyectos_git\dental-clinic\apache-tomcat-9.0.89
07-Jul-2024 11:22:11.581 INFO [main] org.apache.catalina.startup.VersionLoggerListener.log Command line argument: -Dcatalina.home=C:\Users\fdcen\Desktop\proyectos_git\dental-clinic\apache-tomcat-9.0.89
07-Jul-2024 11:22:11.581 INFO [main] org.apache.catalina.startup.VersionLoggerListener.log Command line argument: -Djava.io.tmpdir=C:\Users\fdcen\Desktop\proyectos_git\dental-clinic\apache-tomcat-9.0.89\temp
07-Jul-2024 11:22:11.586 INFO [main] org.apache.catalina.core.AprLifecycleListener.lifecycleEvent Loaded Apache Tomcat Native library [1.3.0] using APR version [1.7.4].
07-Jul-2024 11:22:11.586 INFO [main] org.apache.catalina.core.AprLifecycleListener.lifecycleEvent APR capabilities: IPv6 [true], sendfile [true], accept filters [false], random [true], UDS [true].
07-Jul-2024 11:22:11.603 INFO [main] org.apache.catalina.core.AprLifecycleListener.lifecycleEvent APR/OpenSSL configuration: useAprConnector [false], useOpenSSL [true]
07-Jul-2024 11:22:11.616 INFO [main] org.apache.catalina.core.AprLifecycleListener.initializeSSL OpenSSL successfully initialized [OpenSSL 3.0.13 30 Jan 2024]
07-Jul-2024 11:22:11.777 INFO [main] org.apache.coyote.AbstractProtocol.init Initializing ProtocolHandler ["http-nio-8080"]
07-Jul-2024 11:22:11.789 INFO [main] org.apache.catalina.startup.Catalina.load Server initialization in [326] milliseconds
07-Jul-2024 11:22:11.831 INFO [main] org.apache.catalina.core.StandardService.startInternal Starting service [Catalina]
07-Jul-2024 11:22:11.831 INFO [main] org.apache.catalina.core.StandardEngine.startInternal Starting Servlet engine: [Apache Tomcat/9.0.89]
07-Jul-2024 11:22:11.837 INFO [main] org.apache.catalina.startup.HostConfig.deployDescriptor Deploying deployment descriptor [C:\Users\fdcen\Desktop\proyectos_git\dental-clinic\apache-tomcat-9.0.89\conf\Catalina\localhost\dental-clinic.xml]
07-Jul-2024 11:22:11.846 WARNING [main] org.apache.catalina.startup.HostConfig.deployDescriptor The path attribute with value [/dental-clinic] in deployment descriptor [C:\Users\fdcen\Desktop\proyectos_git\dental-clinic\apache-tomcat-9.0.89\conf\Catalina\localhost\dental-clinic.xml] has been ignored
07-Jul-2024 11:22:12.666 INFO [main] org.apache.jasper.servlet.TldScanner.scanJars At least one JAR was scanned for TLDs yet contained no TLDs. Enable debug logging for this logger for a complete list of JARs that were scanned but no TLDs were found in them. Skipping unneeded JARs during scanning can improve startup time and JSP compilation time.
07-Jul-2024 11:22:12.701 INFO [main] org.apache.catalina.startup.HostConfig.deployDescriptor Deployment of deployment descriptor [C:\Users\fdcen\Desktop\proyectos_git\dental-clinic\apache-tomcat-9.0.89\conf\Catalina\localhost\dental-clinic.xml] has finished in [864] ms
07-Jul-2024 11:22:12.703 INFO [main] org.apache.catalina.startup.HostConfig.deployDirectory Deploying web application directory [C:\Users\fdcen\Desktop\proyectos_git\dental-clinic\apache-tomcat-9.0.89\webapps\docs]
07-Jul-2024 11:22:12.722 INFO [main] org.apache.catalina.startup.HostConfig.deployDirectory Deployment of web application directory [C:\Users\fdcen\Desktop\proyectos_git\dental-clinic\apache-tomcat-9.0.89\webapps\docs] has finished in [21] ms
07-Jul-2024 11:22:12.722 INFO [main] org.apache.catalina.startup.HostConfig.deployDirectory Deploying web application directory [C:\Users\fdcen\Desktop\proyectos_git\dental-clinic\apache-tomcat-9.0.89\webapps\examples]
07-Jul-2024 11:22:12.970 INFO [main] org.apache.catalina.startup.HostConfig.deployDirectory Deployment of web application directory [C:\Users\fdcen\Desktop\proyectos_git\dental-clinic\apache-tomcat-9.0.89\webapps\examples] has finished in [248] ms
07-Jul-2024 11:22:12.971 INFO [main] org.apache.catalina.startup.HostConfig.deployDirectory Deploying web application directory [C:\Users\fdcen\Desktop\proyectos_git\dental-clinic\apache-tomcat-9.0.89\webapps\host-manager]
07-Jul-2024 11:22:12.995 INFO [main] org.apache.catalina.startup.HostConfig.deployDirectory Deployment of web application directory [C:\Users\fdcen\Desktop\proyectos_git\dental-clinic\apache-tomcat-9.0.89\webapps\host-manager] has finished in [24] ms
07-Jul-2024 11:22:12.995 INFO [main] org.apache.catalina.startup.HostConfig.deployDirectory Deploying web application directory [C:\Users\fdcen\Desktop\proyectos_git\dental-clinic\apache-tomcat-9.0.89\webapps\manager]
07-Jul-2024 11:22:13.015 INFO [main] org.apache.catalina.startup.HostConfig.deployDirectory Deployment of web application directory [C:\Users\fdcen\Desktop\proyectos_git\dental-clinic\apache-tomcat-9.0.89\webapps\manager] has finished in [20] ms
07-Jul-2024 11:22:13.015 INFO [main] org.apache.catalina.startup.HostConfig.deployDirectory Deploying web application directory [C:\Users\fdcen\Desktop\proyectos_git\dental-clinic\apache-tomcat-9.0.89\webapps\ROOT]
07-Jul-2024 11:22:13.031 INFO [main] org.apache.catalina.startup.HostConfig.deployDirectory Deployment of web application directory [C:\Users\fdcen\Desktop\proyectos_git\dental-clinic\apache-tomcat-9.0.89\webapps\ROOT] has finished in [16] ms
07-Jul-2024 11:22:13.033 INFO [main] org.apache.coyote.AbstractProtocol.start Starting ProtocolHandler ["http-nio-8080"]
07-Jul-2024 11:22:13.046 INFO [main] org.apache.catalina.startup.Catalina.start Server startup in [1256] milliseconds
07-Jul-2024 11:22:14.921 INFO [http-nio-8080-exec-9] org.apache.catalina.startup.HostConfig.undeploy Undeploying context [/dental-clinic]
07-Jul-2024 11:22:14.957 INFO [http-nio-8080-exec-5] org.apache.catalina.startup.HostConfig.deployDescriptor Deploying deployment descriptor [C:\Users\fdcen\Desktop\proyectos_git\dental-clinic\apache-tomcat-9.0.89\conf\Catalina\localhost\dental-clinic.xml]
07-Jul-2024 11:22:14.957 WARNING [http-nio-8080-exec-5] org.apache.catalina.startup.HostConfig.deployDescriptor The path attribute with value [/dental-clinic] in deployment descriptor [C:\Users\fdcen\Desktop\proyectos_git\dental-clinic\apache-tomcat-9.0.89\conf\Catalina\localhost\dental-clinic.xml] has been ignored
07-Jul-2024 11:22:15.496 INFO [http-nio-8080-exec-5] org.apache.jasper.servlet.TldScanner.scanJars At least one JAR was scanned for TLDs yet contained no TLDs. Enable debug logging for this logger for a complete list of JARs that were scanned but no TLDs were found in them. Skipping unneeded JARs during scanning can improve startup time and JSP compilation time.
07-Jul-2024 11:22:15.498 INFO [http-nio-8080-exec-5] org.apache.catalina.startup.HostConfig.deployDescriptor Deployment of deployment descriptor [C:\Users\fdcen\Desktop\proyectos_git\dental-clinic\apache-tomcat-9.0.89\conf\Catalina\localhost\dental-clinic.xml] has finished in [541] ms
07-Jul-2024 11:22:15.500 INFO [http-nio-8080-exec-4] org.apache.catalina.util.LifecycleBase.start The start() method was called on component [StandardEngine[Catalina].StandardHost[localhost].StandardContext[/dental-clinic]] after start() had already been called. The second call will be ignored.
07-Jul-2024 11:24:18.871 WARNING [http-nio-8080-exec-13] org.apache.catalina.loader.WebappClassLoaderBase.clearReferencesJdbc The web application [dental-clinic] registered the JDBC driver [com.mysql.cj.jdbc.Driver] but failed to unregister it when the web application was stopped. To prevent a memory leak, the JDBC Driver has been forcibly unregistered.
07-Jul-2024 11:24:18.871 WARNING [http-nio-8080-exec-13] org.apache.catalina.loader.WebappClassLoaderBase.clearReferencesThreads The web application [dental-clinic] appears to have started a thread named [mysql-cj-abandoned-connection-cleanup] but has failed to stop it. This is very likely to create a memory leak. Stack trace of thread:
 java.base/jdk.internal.misc.Unsafe.park(Native Method)
 java.base/java.util.concurrent.locks.LockSupport.parkNanos(LockSupport.java:269)
 java.base/java.util.concurrent.locks.AbstractQueuedSynchronizer$ConditionObject.await(AbstractQueuedSynchronizer.java:1847)
 java.base/java.lang.ref.ReferenceQueue.await(ReferenceQueue.java:71)
 java.base/java.lang.ref.ReferenceQueue.remove0(ReferenceQueue.java:143)
 java.base/java.lang.ref.ReferenceQueue.remove(ReferenceQueue.java:218)
 com.mysql.cj.jdbc.AbandonedConnectionCleanupThread.run(AbandonedConnectionCleanupThread.java:91)
 java.base/java.util.concurrent.ThreadPoolExecutor.runWorker(ThreadPoolExecutor.java:1144)
 java.base/java.util.concurrent.ThreadPoolExecutor$Worker.run(ThreadPoolExecutor.java:642)
 java.base/java.lang.Thread.run(Thread.java:1570)
07-Jul-2024 11:24:19.382 INFO [http-nio-8080-exec-13] org.apache.catalina.startup.HostConfig.undeploy Undeploying context [/dental-clinic]
07-Jul-2024 11:24:19.394 INFO [http-nio-8080-exec-20] org.apache.catalina.startup.HostConfig.deployDescriptor Deploying deployment descriptor [C:\Users\fdcen\Desktop\proyectos_git\dental-clinic\apache-tomcat-9.0.89\conf\Catalina\localhost\dental-clinic.xml]
07-Jul-2024 11:24:19.395 WARNING [http-nio-8080-exec-20] org.apache.catalina.startup.HostConfig.deployDescriptor The path attribute with value [/dental-clinic] in deployment descriptor [C:\Users\fdcen\Desktop\proyectos_git\dental-clinic\apache-tomcat-9.0.89\conf\Catalina\localhost\dental-clinic.xml] has been ignored
07-Jul-2024 11:24:19.959 INFO [http-nio-8080-exec-20] org.apache.jasper.servlet.TldScanner.scanJars At least one JAR was scanned for TLDs yet contained no TLDs. Enable debug logging for this logger for a complete list of JARs that were scanned but no TLDs were found in them. Skipping unneeded JARs during scanning can improve startup time and JSP compilation time.
07-Jul-2024 11:24:19.961 INFO [http-nio-8080-exec-20] org.apache.catalina.startup.HostConfig.deployDescriptor Deployment of deployment descriptor [C:\Users\fdcen\Desktop\proyectos_git\dental-clinic\apache-tomcat-9.0.89\conf\Catalina\localhost\dental-clinic.xml] has finished in [566] ms
07-Jul-2024 11:24:19.962 INFO [http-nio-8080-exec-19] org.apache.catalina.util.LifecycleBase.start The start() method was called on component [StandardEngine[Catalina].StandardHost[localhost].StandardContext[/dental-clinic]] after start() had already been called. The second call will be ignored.
07-Jul-2024 11:24:22.145 INFO [mysql-cj-abandoned-connection-cleanup] org.apache.catalina.loader.WebappClassLoaderBase.checkStateForResourceLoading Illegal access: this web application instance has been stopped already. Could not load []. The following stack trace is thrown for debugging purposes as well as to attempt to terminate the thread which caused the illegal access.
	java.lang.IllegalStateException: Illegal access: this web application instance has been stopped already. Could not load []. The following stack trace is thrown for debugging purposes as well as to attempt to terminate the thread which caused the illegal access.
		at org.apache.catalina.loader.WebappClassLoaderBase.checkStateForResourceLoading(WebappClassLoaderBase.java:1328)
		at org.apache.catalina.loader.WebappClassLoaderBase.getResource(WebappClassLoaderBase.java:960)
		at com.mysql.cj.jdbc.AbandonedConnectionCleanupThread.checkThreadContextClassLoader(AbandonedConnectionCleanupThread.java:123)
		at com.mysql.cj.jdbc.AbandonedConnectionCleanupThread.run(AbandonedConnectionCleanupThread.java:90)
		at java.base/java.util.concurrent.ThreadPoolExecutor.runWorker(ThreadPoolExecutor.java:1144)
		at java.base/java.util.concurrent.ThreadPoolExecutor$Worker.run(ThreadPoolExecutor.java:642)
		at java.base/java.lang.Thread.run(Thread.java:1570)
07-Jul-2024 11:27:32.425 WARNING [http-nio-8080-exec-28] org.apache.catalina.loader.WebappClassLoaderBase.clearReferencesJdbc The web application [dental-clinic] registered the JDBC driver [com.mysql.cj.jdbc.Driver] but failed to unregister it when the web application was stopped. To prevent a memory leak, the JDBC Driver has been forcibly unregistered.
07-Jul-2024 11:27:32.426 WARNING [http-nio-8080-exec-28] org.apache.catalina.loader.WebappClassLoaderBase.clearReferencesThreads The web application [dental-clinic] appears to have started a thread named [mysql-cj-abandoned-connection-cleanup] but has failed to stop it. This is very likely to create a memory leak. Stack trace of thread:
 java.base/jdk.internal.misc.Unsafe.park(Native Method)
 java.base/java.util.concurrent.locks.LockSupport.parkNanos(LockSupport.java:269)
 java.base/java.util.concurrent.locks.AbstractQueuedSynchronizer$ConditionObject.await(AbstractQueuedSynchronizer.java:1847)
 java.base/java.lang.ref.ReferenceQueue.await(ReferenceQueue.java:71)
 java.base/java.lang.ref.ReferenceQueue.remove0(ReferenceQueue.java:143)
 java.base/java.lang.ref.ReferenceQueue.remove(ReferenceQueue.java:218)
 com.mysql.cj.jdbc.AbandonedConnectionCleanupThread.run(AbandonedConnectionCleanupThread.java:91)
 java.base/java.util.concurrent.ThreadPoolExecutor.runWorker(ThreadPoolExecutor.java:1144)
 java.base/java.util.concurrent.ThreadPoolExecutor$Worker.run(ThreadPoolExecutor.java:642)
 java.base/java.lang.Thread.run(Thread.java:1570)
07-Jul-2024 11:27:32.930 INFO [http-nio-8080-exec-28] org.apache.catalina.startup.HostConfig.undeploy Undeploying context [/dental-clinic]
07-Jul-2024 11:27:32.941 INFO [http-nio-8080-exec-24] org.apache.catalina.startup.HostConfig.deployDescriptor Deploying deployment descriptor [C:\Users\fdcen\Desktop\proyectos_git\dental-clinic\apache-tomcat-9.0.89\conf\Catalina\localhost\dental-clinic.xml]
07-Jul-2024 11:27:32.942 WARNING [http-nio-8080-exec-24] org.apache.catalina.startup.HostConfig.deployDescriptor The path attribute with value [/dental-clinic] in deployment descriptor [C:\Users\fdcen\Desktop\proyectos_git\dental-clinic\apache-tomcat-9.0.89\conf\Catalina\localhost\dental-clinic.xml] has been ignored
07-Jul-2024 11:27:33.073 INFO [mysql-cj-abandoned-connection-cleanup] org.apache.catalina.loader.WebappClassLoaderBase.checkStateForResourceLoading Illegal access: this web application instance has been stopped already. Could not load []. The following stack trace is thrown for debugging purposes as well as to attempt to terminate the thread which caused the illegal access.
	java.lang.IllegalStateException: Illegal access: this web application instance has been stopped already. Could not load []. The following stack trace is thrown for debugging purposes as well as to attempt to terminate the thread which caused the illegal access.
		at org.apache.catalina.loader.WebappClassLoaderBase.checkStateForResourceLoading(WebappClassLoaderBase.java:1328)
		at org.apache.catalina.loader.WebappClassLoaderBase.getResource(WebappClassLoaderBase.java:960)
		at com.mysql.cj.jdbc.AbandonedConnectionCleanupThread.checkThreadContextClassLoader(AbandonedConnectionCleanupThread.java:123)
		at com.mysql.cj.jdbc.AbandonedConnectionCleanupThread.run(AbandonedConnectionCleanupThread.java:90)
		at java.base/java.util.concurrent.ThreadPoolExecutor.runWorker(ThreadPoolExecutor.java:1144)
		at java.base/java.util.concurrent.ThreadPoolExecutor$Worker.run(ThreadPoolExecutor.java:642)
		at java.base/java.lang.Thread.run(Thread.java:1570)
07-Jul-2024 11:27:33.455 INFO [http-nio-8080-exec-24] org.apache.jasper.servlet.TldScanner.scanJars At least one JAR was scanned for TLDs yet contained no TLDs. Enable debug logging for this logger for a complete list of JARs that were scanned but no TLDs were found in them. Skipping unneeded JARs during scanning can improve startup time and JSP compilation time.
07-Jul-2024 11:27:33.457 INFO [http-nio-8080-exec-24] org.apache.catalina.startup.HostConfig.deployDescriptor Deployment of deployment descriptor [C:\Users\fdcen\Desktop\proyectos_git\dental-clinic\apache-tomcat-9.0.89\conf\Catalina\localhost\dental-clinic.xml] has finished in [515] ms
07-Jul-2024 11:27:33.458 INFO [http-nio-8080-exec-29] org.apache.catalina.util.LifecycleBase.start The start() method was called on component [StandardEngine[Catalina].StandardHost[localhost].StandardContext[/dental-clinic]] after start() had already been called. The second call will be ignored.
07-Jul-2024 11:35:33.219 WARNING [http-nio-8080-exec-33] org.apache.catalina.loader.WebappClassLoaderBase.clearReferencesJdbc The web application [dental-clinic] registered the JDBC driver [com.mysql.cj.jdbc.Driver] but failed to unregister it when the web application was stopped. To prevent a memory leak, the JDBC Driver has been forcibly unregistered.
07-Jul-2024 11:35:33.219 WARNING [http-nio-8080-exec-33] org.apache.catalina.loader.WebappClassLoaderBase.clearReferencesThreads The web application [dental-clinic] appears to have started a thread named [mysql-cj-abandoned-connection-cleanup] but has failed to stop it. This is very likely to create a memory leak. Stack trace of thread:
 java.base/jdk.internal.misc.Unsafe.park(Native Method)
 java.base/java.util.concurrent.locks.LockSupport.parkNanos(LockSupport.java:269)
 java.base/java.util.concurrent.locks.AbstractQueuedSynchronizer$ConditionObject.await(AbstractQueuedSynchronizer.java:1847)
 java.base/java.lang.ref.ReferenceQueue.await(ReferenceQueue.java:71)
 java.base/java.lang.ref.ReferenceQueue.remove0(ReferenceQueue.java:143)
 java.base/java.lang.ref.ReferenceQueue.remove(ReferenceQueue.java:218)
 com.mysql.cj.jdbc.AbandonedConnectionCleanupThread.run(AbandonedConnectionCleanupThread.java:91)
 java.base/java.util.concurrent.ThreadPoolExecutor.runWorker(ThreadPoolExecutor.java:1144)
 java.base/java.util.concurrent.ThreadPoolExecutor$Worker.run(ThreadPoolExecutor.java:642)
 java.base/java.lang.Thread.run(Thread.java:1570)
07-Jul-2024 11:35:33.733 INFO [http-nio-8080-exec-33] org.apache.catalina.startup.HostConfig.undeploy Undeploying context [/dental-clinic]
07-Jul-2024 11:35:33.744 INFO [http-nio-8080-exec-31] org.apache.catalina.startup.HostConfig.deployDescriptor Deploying deployment descriptor [C:\Users\fdcen\Desktop\proyectos_git\dental-clinic\apache-tomcat-9.0.89\conf\Catalina\localhost\dental-clinic.xml]
07-Jul-2024 11:35:33.745 WARNING [http-nio-8080-exec-31] org.apache.catalina.startup.HostConfig.deployDescriptor The path attribute with value [/dental-clinic] in deployment descriptor [C:\Users\fdcen\Desktop\proyectos_git\dental-clinic\apache-tomcat-9.0.89\conf\Catalina\localhost\dental-clinic.xml] has been ignored
07-Jul-2024 11:35:33.901 INFO [mysql-cj-abandoned-connection-cleanup] org.apache.catalina.loader.WebappClassLoaderBase.checkStateForResourceLoading Illegal access: this web application instance has been stopped already. Could not load []. The following stack trace is thrown for debugging purposes as well as to attempt to terminate the thread which caused the illegal access.
	java.lang.IllegalStateException: Illegal access: this web application instance has been stopped already. Could not load []. The following stack trace is thrown for debugging purposes as well as to attempt to terminate the thread which caused the illegal access.
		at org.apache.catalina.loader.WebappClassLoaderBase.checkStateForResourceLoading(WebappClassLoaderBase.java:1328)
		at org.apache.catalina.loader.WebappClassLoaderBase.getResource(WebappClassLoaderBase.java:960)
		at com.mysql.cj.jdbc.AbandonedConnectionCleanupThread.checkThreadContextClassLoader(AbandonedConnectionCleanupThread.java:123)
		at com.mysql.cj.jdbc.AbandonedConnectionCleanupThread.run(AbandonedConnectionCleanupThread.java:90)
		at java.base/java.util.concurrent.ThreadPoolExecutor.runWorker(ThreadPoolExecutor.java:1144)
		at java.base/java.util.concurrent.ThreadPoolExecutor$Worker.run(ThreadPoolExecutor.java:642)
		at java.base/java.lang.Thread.run(Thread.java:1570)
07-Jul-2024 11:35:34.286 INFO [http-nio-8080-exec-31] org.apache.jasper.servlet.TldScanner.scanJars At least one JAR was scanned for TLDs yet contained no TLDs. Enable debug logging for this logger for a complete list of JARs that were scanned but no TLDs were found in them. Skipping unneeded JARs during scanning can improve startup time and JSP compilation time.
07-Jul-2024 11:35:34.287 INFO [http-nio-8080-exec-31] org.apache.catalina.startup.HostConfig.deployDescriptor Deployment of deployment descriptor [C:\Users\fdcen\Desktop\proyectos_git\dental-clinic\apache-tomcat-9.0.89\conf\Catalina\localhost\dental-clinic.xml] has finished in [543] ms
07-Jul-2024 11:35:34.289 INFO [http-nio-8080-exec-38] org.apache.catalina.util.LifecycleBase.start The start() method was called on component [StandardEngine[Catalina].StandardHost[localhost].StandardContext[/dental-clinic]] after start() had already been called. The second call will be ignored.
07-Jul-2024 11:38:40.241 SEVERE [http-nio-8080-exec-49] persistence.ControladoraPersistencia.deleteUser null
	persistence.exceptions.NonexistentEntityException: The usuario with id 12 no longer exists.
		at persistence.UsuarioJpaController.destroy(UsuarioJpaController.java:77)
		at persistence.ControladoraPersistencia.deleteUser(ControladoraPersistencia.java:30)
		at logic.Controladora.deleteUser(Controladora.java:26)
		at servlets.SvDeleteUser.doPost(SvDeleteUser.java:32)
		at javax.servlet.http.HttpServlet.service(HttpServlet.java:555)
		at javax.servlet.http.HttpServlet.service(HttpServlet.java:623)
		at org.apache.catalina.core.ApplicationFilterChain.internalDoFilter(ApplicationFilterChain.java:199)
		at org.apache.catalina.core.ApplicationFilterChain.doFilter(ApplicationFilterChain.java:144)
		at org.apache.tomcat.websocket.server.WsFilter.doFilter(WsFilter.java:51)
		at org.apache.catalina.core.ApplicationFilterChain.internalDoFilter(ApplicationFilterChain.java:168)
		at org.apache.catalina.core.ApplicationFilterChain.doFilter(ApplicationFilterChain.java:144)
		at org.apache.catalina.core.StandardWrapperValve.invoke(StandardWrapperValve.java:168)
		at org.apache.catalina.core.StandardContextValve.invoke(StandardContextValve.java:90)
		at org.apache.catalina.authenticator.AuthenticatorBase.invoke(AuthenticatorBase.java:481)
		at org.apache.catalina.core.StandardHostValve.invoke(StandardHostValve.java:130)
		at org.apache.catalina.valves.ErrorReportValve.invoke(ErrorReportValve.java:93)
		at org.apache.catalina.valves.AbstractAccessLogValve.invoke(AbstractAccessLogValve.java:660)
		at org.apache.catalina.core.StandardEngineValve.invoke(StandardEngineValve.java:74)
		at org.apache.catalina.connector.CoyoteAdapter.service(CoyoteAdapter.java:346)
		at org.apache.coyote.http11.Http11Processor.service(Http11Processor.java:388)
		at org.apache.coyote.AbstractProcessorLight.process(AbstractProcessorLight.java:63)
		at org.apache.coyote.AbstractProtocol$ConnectionHandler.process(AbstractProtocol.java:928)
		at org.apache.tomcat.util.net.NioEndpoint$SocketProcessor.doRun(NioEndpoint.java:1791)
		at org.apache.tomcat.util.net.SocketProcessorBase.run(SocketProcessorBase.java:52)
		at org.apache.tomcat.util.threads.ThreadPoolExecutor.runWorker(ThreadPoolExecutor.java:1190)
		at org.apache.tomcat.util.threads.ThreadPoolExecutor$Worker.run(ThreadPoolExecutor.java:659)
		at org.apache.tomcat.util.threads.TaskThread$WrappingRunnable.run(TaskThread.java:63)
		at java.base/java.lang.Thread.run(Thread.java:1570)
	Caused by: javax.persistence.EntityNotFoundException: Could not find Entity for id: 12
		at org.eclipse.persistence.internal.jpa.EntityManagerImpl.getReference(EntityManagerImpl.java:1530)
		at persistence.UsuarioJpaController.destroy(UsuarioJpaController.java:74)
		... 27 more
07-Jul-2024 11:39:39.137 WARNING [http-nio-8080-exec-46] org.apache.catalina.loader.WebappClassLoaderBase.clearReferencesJdbc The web application [dental-clinic] registered the JDBC driver [com.mysql.cj.jdbc.Driver] but failed to unregister it when the web application was stopped. To prevent a memory leak, the JDBC Driver has been forcibly unregistered.
07-Jul-2024 11:39:39.138 WARNING [http-nio-8080-exec-46] org.apache.catalina.loader.WebappClassLoaderBase.clearReferencesThreads The web application [dental-clinic] appears to have started a thread named [mysql-cj-abandoned-connection-cleanup] but has failed to stop it. This is very likely to create a memory leak. Stack trace of thread:
 java.base/jdk.internal.misc.Unsafe.park(Native Method)
 java.base/java.util.concurrent.locks.LockSupport.parkNanos(LockSupport.java:269)
 java.base/java.util.concurrent.locks.AbstractQueuedSynchronizer$ConditionObject.await(AbstractQueuedSynchronizer.java:1847)
 java.base/java.lang.ref.ReferenceQueue.await(ReferenceQueue.java:71)
 java.base/java.lang.ref.ReferenceQueue.remove0(ReferenceQueue.java:143)
 java.base/java.lang.ref.ReferenceQueue.remove(ReferenceQueue.java:218)
 com.mysql.cj.jdbc.AbandonedConnectionCleanupThread.run(AbandonedConnectionCleanupThread.java:91)
 java.base/java.util.concurrent.ThreadPoolExecutor.runWorker(ThreadPoolExecutor.java:1144)
 java.base/java.util.concurrent.ThreadPoolExecutor$Worker.run(ThreadPoolExecutor.java:642)
 java.base/java.lang.Thread.run(Thread.java:1570)
07-Jul-2024 11:39:39.639 INFO [http-nio-8080-exec-46] org.apache.catalina.startup.HostConfig.undeploy Undeploying context [/dental-clinic]
07-Jul-2024 11:39:39.650 INFO [http-nio-8080-exec-45] org.apache.catalina.startup.HostConfig.deployDescriptor Deploying deployment descriptor [C:\Users\fdcen\Desktop\proyectos_git\dental-clinic\apache-tomcat-9.0.89\conf\Catalina\localhost\dental-clinic.xml]
07-Jul-2024 11:39:39.650 WARNING [http-nio-8080-exec-45] org.apache.catalina.startup.HostConfig.deployDescriptor The path attribute with value [/dental-clinic] in deployment descriptor [C:\Users\fdcen\Desktop\proyectos_git\dental-clinic\apache-tomcat-9.0.89\conf\Catalina\localhost\dental-clinic.xml] has been ignored
07-Jul-2024 11:39:39.847 INFO [mysql-cj-abandoned-connection-cleanup] org.apache.catalina.loader.WebappClassLoaderBase.checkStateForResourceLoading Illegal access: this web application instance has been stopped already. Could not load []. The following stack trace is thrown for debugging purposes as well as to attempt to terminate the thread which caused the illegal access.
	java.lang.IllegalStateException: Illegal access: this web application instance has been stopped already. Could not load []. The following stack trace is thrown for debugging purposes as well as to attempt to terminate the thread which caused the illegal access.
		at org.apache.catalina.loader.WebappClassLoaderBase.checkStateForResourceLoading(WebappClassLoaderBase.java:1328)
		at org.apache.catalina.loader.WebappClassLoaderBase.getResource(WebappClassLoaderBase.java:960)
		at com.mysql.cj.jdbc.AbandonedConnectionCleanupThread.checkThreadContextClassLoader(AbandonedConnectionCleanupThread.java:123)
		at com.mysql.cj.jdbc.AbandonedConnectionCleanupThread.run(AbandonedConnectionCleanupThread.java:90)
		at java.base/java.util.concurrent.ThreadPoolExecutor.runWorker(ThreadPoolExecutor.java:1144)
		at java.base/java.util.concurrent.ThreadPoolExecutor$Worker.run(ThreadPoolExecutor.java:642)
		at java.base/java.lang.Thread.run(Thread.java:1570)
07-Jul-2024 11:39:40.194 INFO [http-nio-8080-exec-45] org.apache.jasper.servlet.TldScanner.scanJars At least one JAR was scanned for TLDs yet contained no TLDs. Enable debug logging for this logger for a complete list of JARs that were scanned but no TLDs were found in them. Skipping unneeded JARs during scanning can improve startup time and JSP compilation time.
07-Jul-2024 11:39:40.195 INFO [http-nio-8080-exec-45] org.apache.catalina.startup.HostConfig.deployDescriptor Deployment of deployment descriptor [C:\Users\fdcen\Desktop\proyectos_git\dental-clinic\apache-tomcat-9.0.89\conf\Catalina\localhost\dental-clinic.xml] has finished in [545] ms
07-Jul-2024 11:39:40.197 INFO [http-nio-8080-exec-41] org.apache.catalina.util.LifecycleBase.start The start() method was called on component [StandardEngine[Catalina].StandardHost[localhost].StandardContext[/dental-clinic]] after start() had already been called. The second call will be ignored.
07-Jul-2024 11:42:32.906 WARNING [http-nio-8080-exec-52] org.apache.catalina.loader.WebappClassLoaderBase.clearReferencesJdbc The web application [dental-clinic] registered the JDBC driver [com.mysql.cj.jdbc.Driver] but failed to unregister it when the web application was stopped. To prevent a memory leak, the JDBC Driver has been forcibly unregistered.
07-Jul-2024 11:42:32.906 WARNING [http-nio-8080-exec-52] org.apache.catalina.loader.WebappClassLoaderBase.clearReferencesThreads The web application [dental-clinic] appears to have started a thread named [mysql-cj-abandoned-connection-cleanup] but has failed to stop it. This is very likely to create a memory leak. Stack trace of thread:
 java.base/jdk.internal.misc.Unsafe.park(Native Method)
 java.base/java.util.concurrent.locks.LockSupport.parkNanos(LockSupport.java:269)
 java.base/java.util.concurrent.locks.AbstractQueuedSynchronizer$ConditionObject.await(AbstractQueuedSynchronizer.java:1847)
 java.base/java.lang.ref.ReferenceQueue.await(ReferenceQueue.java:71)
 java.base/java.lang.ref.ReferenceQueue.remove0(ReferenceQueue.java:143)
 java.base/java.lang.ref.ReferenceQueue.remove(ReferenceQueue.java:218)
 com.mysql.cj.jdbc.AbandonedConnectionCleanupThread.run(AbandonedConnectionCleanupThread.java:91)
 java.base/java.util.concurrent.ThreadPoolExecutor.runWorker(ThreadPoolExecutor.java:1144)
 java.base/java.util.concurrent.ThreadPoolExecutor$Worker.run(ThreadPoolExecutor.java:642)
 java.base/java.lang.Thread.run(Thread.java:1570)
07-Jul-2024 11:42:33.408 INFO [http-nio-8080-exec-52] org.apache.catalina.startup.HostConfig.undeploy Undeploying context [/dental-clinic]
07-Jul-2024 11:42:33.420 INFO [http-nio-8080-exec-51] org.apache.catalina.startup.HostConfig.deployDescriptor Deploying deployment descriptor [C:\Users\fdcen\Desktop\proyectos_git\dental-clinic\apache-tomcat-9.0.89\conf\Catalina\localhost\dental-clinic.xml]
07-Jul-2024 11:42:33.420 WARNING [http-nio-8080-exec-51] org.apache.catalina.startup.HostConfig.deployDescriptor The path attribute with value [/dental-clinic] in deployment descriptor [C:\Users\fdcen\Desktop\proyectos_git\dental-clinic\apache-tomcat-9.0.89\conf\Catalina\localhost\dental-clinic.xml] has been ignored
07-Jul-2024 11:42:33.647 INFO [mysql-cj-abandoned-connection-cleanup] org.apache.catalina.loader.WebappClassLoaderBase.checkStateForResourceLoading Illegal access: this web application instance has been stopped already. Could not load []. The following stack trace is thrown for debugging purposes as well as to attempt to terminate the thread which caused the illegal access.
	java.lang.IllegalStateException: Illegal access: this web application instance has been stopped already. Could not load []. The following stack trace is thrown for debugging purposes as well as to attempt to terminate the thread which caused the illegal access.
		at org.apache.catalina.loader.WebappClassLoaderBase.checkStateForResourceLoading(WebappClassLoaderBase.java:1328)
		at org.apache.catalina.loader.WebappClassLoaderBase.getResource(WebappClassLoaderBase.java:960)
		at com.mysql.cj.jdbc.AbandonedConnectionCleanupThread.checkThreadContextClassLoader(AbandonedConnectionCleanupThread.java:123)
		at com.mysql.cj.jdbc.AbandonedConnectionCleanupThread.run(AbandonedConnectionCleanupThread.java:90)
		at java.base/java.util.concurrent.ThreadPoolExecutor.runWorker(ThreadPoolExecutor.java:1144)
		at java.base/java.util.concurrent.ThreadPoolExecutor$Worker.run(ThreadPoolExecutor.java:642)
		at java.base/java.lang.Thread.run(Thread.java:1570)
07-Jul-2024 11:42:33.949 INFO [http-nio-8080-exec-51] org.apache.jasper.servlet.TldScanner.scanJars At least one JAR was scanned for TLDs yet contained no TLDs. Enable debug logging for this logger for a complete list of JARs that were scanned but no TLDs were found in them. Skipping unneeded JARs during scanning can improve startup time and JSP compilation time.
07-Jul-2024 11:42:33.951 INFO [http-nio-8080-exec-51] org.apache.catalina.startup.HostConfig.deployDescriptor Deployment of deployment descriptor [C:\Users\fdcen\Desktop\proyectos_git\dental-clinic\apache-tomcat-9.0.89\conf\Catalina\localhost\dental-clinic.xml] has finished in [531] ms
07-Jul-2024 11:42:33.953 INFO [http-nio-8080-exec-56] org.apache.catalina.util.LifecycleBase.start The start() method was called on component [StandardEngine[Catalina].StandardHost[localhost].StandardContext[/dental-clinic]] after start() had already been called. The second call will be ignored.
07-Jul-2024 11:50:47.488 WARNING [http-nio-8080-exec-69] org.apache.catalina.loader.WebappClassLoaderBase.clearReferencesJdbc The web application [dental-clinic] registered the JDBC driver [com.mysql.cj.jdbc.Driver] but failed to unregister it when the web application was stopped. To prevent a memory leak, the JDBC Driver has been forcibly unregistered.
07-Jul-2024 11:50:47.488 WARNING [http-nio-8080-exec-69] org.apache.catalina.loader.WebappClassLoaderBase.clearReferencesThreads The web application [dental-clinic] appears to have started a thread named [mysql-cj-abandoned-connection-cleanup] but has failed to stop it. This is very likely to create a memory leak. Stack trace of thread:
 java.base/jdk.internal.misc.Unsafe.park(Native Method)
 java.base/java.util.concurrent.locks.LockSupport.parkNanos(LockSupport.java:269)
 java.base/java.util.concurrent.locks.AbstractQueuedSynchronizer$ConditionObject.await(AbstractQueuedSynchronizer.java:1847)
 java.base/java.lang.ref.ReferenceQueue.await(ReferenceQueue.java:71)
 java.base/java.lang.ref.ReferenceQueue.remove0(ReferenceQueue.java:143)
 java.base/java.lang.ref.ReferenceQueue.remove(ReferenceQueue.java:218)
 com.mysql.cj.jdbc.AbandonedConnectionCleanupThread.run(AbandonedConnectionCleanupThread.java:91)
 java.base/java.util.concurrent.ThreadPoolExecutor.runWorker(ThreadPoolExecutor.java:1144)
 java.base/java.util.concurrent.ThreadPoolExecutor$Worker.run(ThreadPoolExecutor.java:642)
 java.base/java.lang.Thread.run(Thread.java:1570)
07-Jul-2024 11:50:47.907 INFO [mysql-cj-abandoned-connection-cleanup] org.apache.catalina.loader.WebappClassLoaderBase.checkStateForResourceLoading Illegal access: this web application instance has been stopped already. Could not load []. The following stack trace is thrown for debugging purposes as well as to attempt to terminate the thread which caused the illegal access.
	java.lang.IllegalStateException: Illegal access: this web application instance has been stopped already. Could not load []. The following stack trace is thrown for debugging purposes as well as to attempt to terminate the thread which caused the illegal access.
		at org.apache.catalina.loader.WebappClassLoaderBase.checkStateForResourceLoading(WebappClassLoaderBase.java:1328)
		at org.apache.catalina.loader.WebappClassLoaderBase.getResource(WebappClassLoaderBase.java:960)
		at com.mysql.cj.jdbc.AbandonedConnectionCleanupThread.checkThreadContextClassLoader(AbandonedConnectionCleanupThread.java:123)
		at com.mysql.cj.jdbc.AbandonedConnectionCleanupThread.run(AbandonedConnectionCleanupThread.java:90)
		at java.base/java.util.concurrent.ThreadPoolExecutor.runWorker(ThreadPoolExecutor.java:1144)
		at java.base/java.util.concurrent.ThreadPoolExecutor$Worker.run(ThreadPoolExecutor.java:642)
		at java.base/java.lang.Thread.run(Thread.java:1570)
07-Jul-2024 11:50:48.003 INFO [http-nio-8080-exec-69] org.apache.catalina.startup.HostConfig.undeploy Undeploying context [/dental-clinic]
07-Jul-2024 11:50:48.014 INFO [http-nio-8080-exec-66] org.apache.catalina.startup.HostConfig.deployDescriptor Deploying deployment descriptor [C:\Users\fdcen\Desktop\proyectos_git\dental-clinic\apache-tomcat-9.0.89\conf\Catalina\localhost\dental-clinic.xml]
07-Jul-2024 11:50:48.014 WARNING [http-nio-8080-exec-66] org.apache.catalina.startup.HostConfig.deployDescriptor The path attribute with value [/dental-clinic] in deployment descriptor [C:\Users\fdcen\Desktop\proyectos_git\dental-clinic\apache-tomcat-9.0.89\conf\Catalina\localhost\dental-clinic.xml] has been ignored
07-Jul-2024 11:50:48.560 INFO [http-nio-8080-exec-66] org.apache.jasper.servlet.TldScanner.scanJars At least one JAR was scanned for TLDs yet contained no TLDs. Enable debug logging for this logger for a complete list of JARs that were scanned but no TLDs were found in them. Skipping unneeded JARs during scanning can improve startup time and JSP compilation time.
07-Jul-2024 11:50:48.561 INFO [http-nio-8080-exec-66] org.apache.catalina.startup.HostConfig.deployDescriptor Deployment of deployment descriptor [C:\Users\fdcen\Desktop\proyectos_git\dental-clinic\apache-tomcat-9.0.89\conf\Catalina\localhost\dental-clinic.xml] has finished in [547] ms
07-Jul-2024 11:50:48.563 INFO [http-nio-8080-exec-68] org.apache.catalina.util.LifecycleBase.start The start() method was called on component [StandardEngine[Catalina].StandardHost[localhost].StandardContext[/dental-clinic]] after start() had already been called. The second call will be ignored.
07-Jul-2024 11:54:07.891 WARNING [http-nio-8080-exec-78] org.apache.catalina.loader.WebappClassLoaderBase.clearReferencesJdbc The web application [dental-clinic] registered the JDBC driver [com.mysql.cj.jdbc.Driver] but failed to unregister it when the web application was stopped. To prevent a memory leak, the JDBC Driver has been forcibly unregistered.
07-Jul-2024 11:54:07.891 WARNING [http-nio-8080-exec-78] org.apache.catalina.loader.WebappClassLoaderBase.clearReferencesThreads The web application [dental-clinic] appears to have started a thread named [mysql-cj-abandoned-connection-cleanup] but has failed to stop it. This is very likely to create a memory leak. Stack trace of thread:
 java.base/jdk.internal.misc.Unsafe.park(Native Method)
 java.base/java.util.concurrent.locks.LockSupport.parkNanos(LockSupport.java:269)
 java.base/java.util.concurrent.locks.AbstractQueuedSynchronizer$ConditionObject.await(AbstractQueuedSynchronizer.java:1847)
 java.base/java.lang.ref.ReferenceQueue.await(ReferenceQueue.java:71)
 java.base/java.lang.ref.ReferenceQueue.remove0(ReferenceQueue.java:143)
 java.base/java.lang.ref.ReferenceQueue.remove(ReferenceQueue.java:218)
 com.mysql.cj.jdbc.AbandonedConnectionCleanupThread.run(AbandonedConnectionCleanupThread.java:91)
 java.base/java.util.concurrent.ThreadPoolExecutor.runWorker(ThreadPoolExecutor.java:1144)
 java.base/java.util.concurrent.ThreadPoolExecutor$Worker.run(ThreadPoolExecutor.java:642)
 java.base/java.lang.Thread.run(Thread.java:1570)
07-Jul-2024 11:54:08.396 INFO [http-nio-8080-exec-78] org.apache.catalina.startup.HostConfig.undeploy Undeploying context [/dental-clinic]
07-Jul-2024 11:54:08.407 INFO [http-nio-8080-exec-71] org.apache.catalina.startup.HostConfig.deployDescriptor Deploying deployment descriptor [C:\Users\fdcen\Desktop\proyectos_git\dental-clinic\apache-tomcat-9.0.89\conf\Catalina\localhost\dental-clinic.xml]
07-Jul-2024 11:54:08.407 WARNING [http-nio-8080-exec-71] org.apache.catalina.startup.HostConfig.deployDescriptor The path attribute with value [/dental-clinic] in deployment descriptor [C:\Users\fdcen\Desktop\proyectos_git\dental-clinic\apache-tomcat-9.0.89\conf\Catalina\localhost\dental-clinic.xml] has been ignored
07-Jul-2024 11:54:08.685 INFO [mysql-cj-abandoned-connection-cleanup] org.apache.catalina.loader.WebappClassLoaderBase.checkStateForResourceLoading Illegal access: this web application instance has been stopped already. Could not load []. The following stack trace is thrown for debugging purposes as well as to attempt to terminate the thread which caused the illegal access.
	java.lang.IllegalStateException: Illegal access: this web application instance has been stopped already. Could not load []. The following stack trace is thrown for debugging purposes as well as to attempt to terminate the thread which caused the illegal access.
		at org.apache.catalina.loader.WebappClassLoaderBase.checkStateForResourceLoading(WebappClassLoaderBase.java:1328)
		at org.apache.catalina.loader.WebappClassLoaderBase.getResource(WebappClassLoaderBase.java:960)
		at com.mysql.cj.jdbc.AbandonedConnectionCleanupThread.checkThreadContextClassLoader(AbandonedConnectionCleanupThread.java:123)
		at com.mysql.cj.jdbc.AbandonedConnectionCleanupThread.run(AbandonedConnectionCleanupThread.java:90)
		at java.base/java.util.concurrent.ThreadPoolExecutor.runWorker(ThreadPoolExecutor.java:1144)
		at java.base/java.util.concurrent.ThreadPoolExecutor$Worker.run(ThreadPoolExecutor.java:642)
		at java.base/java.lang.Thread.run(Thread.java:1570)
07-Jul-2024 11:54:08.943 INFO [http-nio-8080-exec-71] org.apache.jasper.servlet.TldScanner.scanJars At least one JAR was scanned for TLDs yet contained no TLDs. Enable debug logging for this logger for a complete list of JARs that were scanned but no TLDs were found in them. Skipping unneeded JARs during scanning can improve startup time and JSP compilation time.
07-Jul-2024 11:54:08.944 INFO [http-nio-8080-exec-71] org.apache.catalina.startup.HostConfig.deployDescriptor Deployment of deployment descriptor [C:\Users\fdcen\Desktop\proyectos_git\dental-clinic\apache-tomcat-9.0.89\conf\Catalina\localhost\dental-clinic.xml] has finished in [537] ms
07-Jul-2024 11:54:08.946 INFO [http-nio-8080-exec-75] org.apache.catalina.util.LifecycleBase.start The start() method was called on component [StandardEngine[Catalina].StandardHost[localhost].StandardContext[/dental-clinic]] after start() had already been called. The second call will be ignored.
07-Jul-2024 11:56:23.221 WARNING [http-nio-8080-exec-89] org.apache.catalina.loader.WebappClassLoaderBase.clearReferencesJdbc The web application [dental-clinic] registered the JDBC driver [com.mysql.cj.jdbc.Driver] but failed to unregister it when the web application was stopped. To prevent a memory leak, the JDBC Driver has been forcibly unregistered.
07-Jul-2024 11:56:23.221 WARNING [http-nio-8080-exec-89] org.apache.catalina.loader.WebappClassLoaderBase.clearReferencesThreads The web application [dental-clinic] appears to have started a thread named [mysql-cj-abandoned-connection-cleanup] but has failed to stop it. This is very likely to create a memory leak. Stack trace of thread:
 java.base/jdk.internal.misc.Unsafe.park(Native Method)
 java.base/java.util.concurrent.locks.LockSupport.parkNanos(LockSupport.java:269)
 java.base/java.util.concurrent.locks.AbstractQueuedSynchronizer$ConditionObject.await(AbstractQueuedSynchronizer.java:1847)
 java.base/java.lang.ref.ReferenceQueue.await(ReferenceQueue.java:71)
 java.base/java.lang.ref.ReferenceQueue.remove0(ReferenceQueue.java:143)
 java.base/java.lang.ref.ReferenceQueue.remove(ReferenceQueue.java:218)
 com.mysql.cj.jdbc.AbandonedConnectionCleanupThread.run(AbandonedConnectionCleanupThread.java:91)
 java.base/java.util.concurrent.ThreadPoolExecutor.runWorker(ThreadPoolExecutor.java:1144)
 java.base/java.util.concurrent.ThreadPoolExecutor$Worker.run(ThreadPoolExecutor.java:642)
 java.base/java.lang.Thread.run(Thread.java:1570)
07-Jul-2024 11:56:23.727 INFO [http-nio-8080-exec-89] org.apache.catalina.startup.HostConfig.undeploy Undeploying context [/dental-clinic]
07-Jul-2024 11:56:23.737 INFO [http-nio-8080-exec-86] org.apache.catalina.startup.HostConfig.deployDescriptor Deploying deployment descriptor [C:\Users\fdcen\Desktop\proyectos_git\dental-clinic\apache-tomcat-9.0.89\conf\Catalina\localhost\dental-clinic.xml]
07-Jul-2024 11:56:23.738 WARNING [http-nio-8080-exec-86] org.apache.catalina.startup.HostConfig.deployDescriptor The path attribute with value [/dental-clinic] in deployment descriptor [C:\Users\fdcen\Desktop\proyectos_git\dental-clinic\apache-tomcat-9.0.89\conf\Catalina\localhost\dental-clinic.xml] has been ignored
07-Jul-2024 11:56:23.799 INFO [mysql-cj-abandoned-connection-cleanup] org.apache.catalina.loader.WebappClassLoaderBase.checkStateForResourceLoading Illegal access: this web application instance has been stopped already. Could not load []. The following stack trace is thrown for debugging purposes as well as to attempt to terminate the thread which caused the illegal access.
	java.lang.IllegalStateException: Illegal access: this web application instance has been stopped already. Could not load []. The following stack trace is thrown for debugging purposes as well as to attempt to terminate the thread which caused the illegal access.
		at org.apache.catalina.loader.WebappClassLoaderBase.checkStateForResourceLoading(WebappClassLoaderBase.java:1328)
		at org.apache.catalina.loader.WebappClassLoaderBase.getResource(WebappClassLoaderBase.java:960)
		at com.mysql.cj.jdbc.AbandonedConnectionCleanupThread.checkThreadContextClassLoader(AbandonedConnectionCleanupThread.java:123)
		at com.mysql.cj.jdbc.AbandonedConnectionCleanupThread.run(AbandonedConnectionCleanupThread.java:90)
		at java.base/java.util.concurrent.ThreadPoolExecutor.runWorker(ThreadPoolExecutor.java:1144)
		at java.base/java.util.concurrent.ThreadPoolExecutor$Worker.run(ThreadPoolExecutor.java:642)
		at java.base/java.lang.Thread.run(Thread.java:1570)
07-Jul-2024 11:56:24.255 INFO [http-nio-8080-exec-86] org.apache.jasper.servlet.TldScanner.scanJars At least one JAR was scanned for TLDs yet contained no TLDs. Enable debug logging for this logger for a complete list of JARs that were scanned but no TLDs were found in them. Skipping unneeded JARs during scanning can improve startup time and JSP compilation time.
07-Jul-2024 11:56:24.257 INFO [http-nio-8080-exec-86] org.apache.catalina.startup.HostConfig.deployDescriptor Deployment of deployment descriptor [C:\Users\fdcen\Desktop\proyectos_git\dental-clinic\apache-tomcat-9.0.89\conf\Catalina\localhost\dental-clinic.xml] has finished in [520] ms
07-Jul-2024 11:56:24.259 INFO [http-nio-8080-exec-87] org.apache.catalina.util.LifecycleBase.start The start() method was called on component [StandardEngine[Catalina].StandardHost[localhost].StandardContext[/dental-clinic]] after start() had already been called. The second call will be ignored.
07-Jul-2024 12:19:22.599 WARNING [http-nio-8080-exec-94] org.apache.catalina.loader.WebappClassLoaderBase.clearReferencesJdbc The web application [dental-clinic] registered the JDBC driver [com.mysql.cj.jdbc.Driver] but failed to unregister it when the web application was stopped. To prevent a memory leak, the JDBC Driver has been forcibly unregistered.
07-Jul-2024 12:19:22.599 WARNING [http-nio-8080-exec-94] org.apache.catalina.loader.WebappClassLoaderBase.clearReferencesThreads The web application [dental-clinic] appears to have started a thread named [mysql-cj-abandoned-connection-cleanup] but has failed to stop it. This is very likely to create a memory leak. Stack trace of thread:
 java.base/jdk.internal.misc.Unsafe.park(Native Method)
 java.base/java.util.concurrent.locks.LockSupport.parkNanos(LockSupport.java:269)
 java.base/java.util.concurrent.locks.AbstractQueuedSynchronizer$ConditionObject.await(AbstractQueuedSynchronizer.java:1847)
 java.base/java.lang.ref.ReferenceQueue.await(ReferenceQueue.java:71)
 java.base/java.lang.ref.ReferenceQueue.remove0(ReferenceQueue.java:143)
 java.base/java.lang.ref.ReferenceQueue.remove(ReferenceQueue.java:218)
 com.mysql.cj.jdbc.AbandonedConnectionCleanupThread.run(AbandonedConnectionCleanupThread.java:91)
 java.base/java.util.concurrent.ThreadPoolExecutor.runWorker(ThreadPoolExecutor.java:1144)
 java.base/java.util.concurrent.ThreadPoolExecutor$Worker.run(ThreadPoolExecutor.java:642)
 java.base/java.lang.Thread.run(Thread.java:1570)
07-Jul-2024 12:19:23.114 INFO [http-nio-8080-exec-94] org.apache.catalina.startup.HostConfig.undeploy Undeploying context [/dental-clinic]
07-Jul-2024 12:19:23.127 INFO [http-nio-8080-exec-99] org.apache.catalina.startup.HostConfig.deployDescriptor Deploying deployment descriptor [C:\Users\fdcen\Desktop\proyectos_git\dental-clinic\apache-tomcat-9.0.89\conf\Catalina\localhost\dental-clinic.xml]
07-Jul-2024 12:19:23.128 WARNING [http-nio-8080-exec-99] org.apache.catalina.startup.HostConfig.deployDescriptor The path attribute with value [/dental-clinic] in deployment descriptor [C:\Users\fdcen\Desktop\proyectos_git\dental-clinic\apache-tomcat-9.0.89\conf\Catalina\localhost\dental-clinic.xml] has been ignored
07-Jul-2024 12:19:23.379 INFO [mysql-cj-abandoned-connection-cleanup] org.apache.catalina.loader.WebappClassLoaderBase.checkStateForResourceLoading Illegal access: this web application instance has been stopped already. Could not load []. The following stack trace is thrown for debugging purposes as well as to attempt to terminate the thread which caused the illegal access.
	java.lang.IllegalStateException: Illegal access: this web application instance has been stopped already. Could not load []. The following stack trace is thrown for debugging purposes as well as to attempt to terminate the thread which caused the illegal access.
		at org.apache.catalina.loader.WebappClassLoaderBase.checkStateForResourceLoading(WebappClassLoaderBase.java:1328)
		at org.apache.catalina.loader.WebappClassLoaderBase.getResource(WebappClassLoaderBase.java:960)
		at com.mysql.cj.jdbc.AbandonedConnectionCleanupThread.checkThreadContextClassLoader(AbandonedConnectionCleanupThread.java:123)
		at com.mysql.cj.jdbc.AbandonedConnectionCleanupThread.run(AbandonedConnectionCleanupThread.java:90)
		at java.base/java.util.concurrent.ThreadPoolExecutor.runWorker(ThreadPoolExecutor.java:1144)
		at java.base/java.util.concurrent.ThreadPoolExecutor$Worker.run(ThreadPoolExecutor.java:642)
		at java.base/java.lang.Thread.run(Thread.java:1570)
07-Jul-2024 12:19:23.667 INFO [http-nio-8080-exec-99] org.apache.jasper.servlet.TldScanner.scanJars At least one JAR was scanned for TLDs yet contained no TLDs. Enable debug logging for this logger for a complete list of JARs that were scanned but no TLDs were found in them. Skipping unneeded JARs during scanning can improve startup time and JSP compilation time.
07-Jul-2024 12:19:23.669 INFO [http-nio-8080-exec-99] org.apache.catalina.startup.HostConfig.deployDescriptor Deployment of deployment descriptor [C:\Users\fdcen\Desktop\proyectos_git\dental-clinic\apache-tomcat-9.0.89\conf\Catalina\localhost\dental-clinic.xml] has finished in [541] ms
07-Jul-2024 12:19:23.670 INFO [http-nio-8080-exec-100] org.apache.catalina.util.LifecycleBase.start The start() method was called on component [StandardEngine[Catalina].StandardHost[localhost].StandardContext[/dental-clinic]] after start() had already been called. The second call will be ignored.
07-Jul-2024 12:33:45.763 INFO [http-nio-8080-exec-106] org.apache.catalina.startup.HostConfig.undeploy Undeploying context [/dental-clinic]
07-Jul-2024 12:33:45.773 INFO [http-nio-8080-exec-102] org.apache.catalina.startup.HostConfig.deployDescriptor Deploying deployment descriptor [C:\Users\fdcen\Desktop\proyectos_git\dental-clinic\apache-tomcat-9.0.89\conf\Catalina\localhost\dental-clinic.xml]
07-Jul-2024 12:33:45.773 WARNING [http-nio-8080-exec-102] org.apache.catalina.startup.HostConfig.deployDescriptor The path attribute with value [/dental-clinic] in deployment descriptor [C:\Users\fdcen\Desktop\proyectos_git\dental-clinic\apache-tomcat-9.0.89\conf\Catalina\localhost\dental-clinic.xml] has been ignored
07-Jul-2024 12:33:46.286 INFO [http-nio-8080-exec-102] org.apache.jasper.servlet.TldScanner.scanJars At least one JAR was scanned for TLDs yet contained no TLDs. Enable debug logging for this logger for a complete list of JARs that were scanned but no TLDs were found in them. Skipping unneeded JARs during scanning can improve startup time and JSP compilation time.
07-Jul-2024 12:33:46.288 INFO [http-nio-8080-exec-102] org.apache.catalina.startup.HostConfig.deployDescriptor Deployment of deployment descriptor [C:\Users\fdcen\Desktop\proyectos_git\dental-clinic\apache-tomcat-9.0.89\conf\Catalina\localhost\dental-clinic.xml] has finished in [515] ms
07-Jul-2024 12:33:46.290 INFO [http-nio-8080-exec-109] org.apache.catalina.util.LifecycleBase.start The start() method was called on component [StandardEngine[Catalina].StandardHost[localhost].StandardContext[/dental-clinic]] after start() had already been called. The second call will be ignored.
07-Jul-2024 12:38:18.430 INFO [http-nio-8080-exec-117] org.apache.catalina.startup.HostConfig.undeploy Undeploying context [/dental-clinic]
07-Jul-2024 12:38:18.441 INFO [http-nio-8080-exec-118] org.apache.catalina.startup.HostConfig.deployDescriptor Deploying deployment descriptor [C:\Users\fdcen\Desktop\proyectos_git\dental-clinic\apache-tomcat-9.0.89\conf\Catalina\localhost\dental-clinic.xml]
07-Jul-2024 12:38:18.441 WARNING [http-nio-8080-exec-118] org.apache.catalina.startup.HostConfig.deployDescriptor The path attribute with value [/dental-clinic] in deployment descriptor [C:\Users\fdcen\Desktop\proyectos_git\dental-clinic\apache-tomcat-9.0.89\conf\Catalina\localhost\dental-clinic.xml] has been ignored
07-Jul-2024 12:38:18.963 INFO [http-nio-8080-exec-118] org.apache.jasper.servlet.TldScanner.scanJars At least one JAR was scanned for TLDs yet contained no TLDs. Enable debug logging for this logger for a complete list of JARs that were scanned but no TLDs were found in them. Skipping unneeded JARs during scanning can improve startup time and JSP compilation time.
07-Jul-2024 12:38:18.964 INFO [http-nio-8080-exec-118] org.apache.catalina.startup.HostConfig.deployDescriptor Deployment of deployment descriptor [C:\Users\fdcen\Desktop\proyectos_git\dental-clinic\apache-tomcat-9.0.89\conf\Catalina\localhost\dental-clinic.xml] has finished in [523] ms
07-Jul-2024 12:38:18.966 INFO [http-nio-8080-exec-115] org.apache.catalina.util.LifecycleBase.start The start() method was called on component [StandardEngine[Catalina].StandardHost[localhost].StandardContext[/dental-clinic]] after start() had already been called. The second call will be ignored.
07-Jul-2024 12:42:20.005 INFO [http-nio-8080-exec-125] org.apache.catalina.startup.HostConfig.undeploy Undeploying context [/dental-clinic]
07-Jul-2024 12:42:20.016 INFO [http-nio-8080-exec-127] org.apache.catalina.startup.HostConfig.deployDescriptor Deploying deployment descriptor [C:\Users\fdcen\Desktop\proyectos_git\dental-clinic\apache-tomcat-9.0.89\conf\Catalina\localhost\dental-clinic.xml]
07-Jul-2024 12:42:20.017 WARNING [http-nio-8080-exec-127] org.apache.catalina.startup.HostConfig.deployDescriptor The path attribute with value [/dental-clinic] in deployment descriptor [C:\Users\fdcen\Desktop\proyectos_git\dental-clinic\apache-tomcat-9.0.89\conf\Catalina\localhost\dental-clinic.xml] has been ignored
07-Jul-2024 12:42:20.549 INFO [http-nio-8080-exec-127] org.apache.jasper.servlet.TldScanner.scanJars At least one JAR was scanned for TLDs yet contained no TLDs. Enable debug logging for this logger for a complete list of JARs that were scanned but no TLDs were found in them. Skipping unneeded JARs during scanning can improve startup time and JSP compilation time.
07-Jul-2024 12:42:20.551 INFO [http-nio-8080-exec-127] org.apache.catalina.startup.HostConfig.deployDescriptor Deployment of deployment descriptor [C:\Users\fdcen\Desktop\proyectos_git\dental-clinic\apache-tomcat-9.0.89\conf\Catalina\localhost\dental-clinic.xml] has finished in [534] ms
07-Jul-2024 12:42:20.552 INFO [http-nio-8080-exec-122] org.apache.catalina.util.LifecycleBase.start The start() method was called on component [StandardEngine[Catalina].StandardHost[localhost].StandardContext[/dental-clinic]] after start() had already been called. The second call will be ignored.
