25-May-2024 01:22:08.193 INFO [main] org.apache.catalina.core.StandardServer.await A valid shutdown command was received via the shutdown port. Stopping the Server instance.
25-May-2024 01:22:08.193 INFO [main] org.apache.coyote.AbstractProtocol.pause Pausing ProtocolHandler ["http-nio-8080"]
25-May-2024 01:22:08.196 INFO [main] org.apache.catalina.core.StandardService.stopInternal Stopping service [Catalina]
25-May-2024 01:22:08.206 INFO [main] org.apache.coyote.AbstractProtocol.stop Stopping ProtocolHandler ["http-nio-8080"]
25-May-2024 01:22:08.209 INFO [main] org.apache.coyote.AbstractProtocol.destroy Destroying ProtocolHandler ["http-nio-8080"]
25-May-2024 19:18:24.014 INFO [main] org.apache.catalina.startup.VersionLoggerListener.log Server version name:   Apache Tomcat/9.0.89
25-May-2024 19:18:24.015 INFO [main] org.apache.catalina.startup.VersionLoggerListener.log Server built:          May 3 2024 20:22:11 UTC
25-May-2024 19:18:24.015 INFO [main] org.apache.catalina.startup.VersionLoggerListener.log Server version number: 9.0.89.0
25-May-2024 19:18:24.015 INFO [main] org.apache.catalina.startup.VersionLoggerListener.log OS Name:               Windows 11
25-May-2024 19:18:24.015 INFO [main] org.apache.catalina.startup.VersionLoggerListener.log OS Version:            10.0
25-May-2024 19:18:24.015 INFO [main] org.apache.catalina.startup.VersionLoggerListener.log Architecture:          amd64
25-May-2024 19:18:24.015 INFO [main] org.apache.catalina.startup.VersionLoggerListener.log Java Home:             C:\Program Files\Java\jdk-22
25-May-2024 19:18:24.016 INFO [main] org.apache.catalina.startup.VersionLoggerListener.log JVM Version:           22+36-2370
25-May-2024 19:18:24.016 INFO [main] org.apache.catalina.startup.VersionLoggerListener.log JVM Vendor:            Oracle Corporation
25-May-2024 19:18:24.016 INFO [main] org.apache.catalina.startup.VersionLoggerListener.log CATALINA_BASE:         C:\Users\fdcen\Desktop\proyectos_git\dental-clinic\apache-tomcat-9.0.89
25-May-2024 19:18:24.016 INFO [main] org.apache.catalina.startup.VersionLoggerListener.log CATALINA_HOME:         C:\Users\fdcen\Desktop\proyectos_git\dental-clinic\apache-tomcat-9.0.89
25-May-2024 19:18:24.020 INFO [main] org.apache.catalina.startup.VersionLoggerListener.log Command line argument: --add-opens=java.base/java.lang=ALL-UNNAMED
25-May-2024 19:18:24.020 INFO [main] org.apache.catalina.startup.VersionLoggerListener.log Command line argument: --add-opens=java.base/java.io=ALL-UNNAMED
25-May-2024 19:18:24.020 INFO [main] org.apache.catalina.startup.VersionLoggerListener.log Command line argument: --add-opens=java.base/java.util=ALL-UNNAMED
25-May-2024 19:18:24.020 INFO [main] org.apache.catalina.startup.VersionLoggerListener.log Command line argument: --add-opens=java.base/java.util.concurrent=ALL-UNNAMED
25-May-2024 19:18:24.020 INFO [main] org.apache.catalina.startup.VersionLoggerListener.log Command line argument: --add-opens=java.rmi/sun.rmi.transport=ALL-UNNAMED
25-May-2024 19:18:24.020 INFO [main] org.apache.catalina.startup.VersionLoggerListener.log Command line argument: -Djava.util.logging.config.file=C:\Users\fdcen\Desktop\proyectos_git\dental-clinic\apache-tomcat-9.0.89\conf\logging.properties
25-May-2024 19:18:24.020 INFO [main] org.apache.catalina.startup.VersionLoggerListener.log Command line argument: -Djava.util.logging.manager=org.apache.juli.ClassLoaderLogManager
25-May-2024 19:18:24.021 INFO [main] org.apache.catalina.startup.VersionLoggerListener.log Command line argument: -Djdk.tls.ephemeralDHKeySize=2048
25-May-2024 19:18:24.021 INFO [main] org.apache.catalina.startup.VersionLoggerListener.log Command line argument: -Djava.protocol.handler.pkgs=org.apache.catalina.webresources
25-May-2024 19:18:24.021 INFO [main] org.apache.catalina.startup.VersionLoggerListener.log Command line argument: -Dignore.endorsed.dirs=
25-May-2024 19:18:24.021 INFO [main] org.apache.catalina.startup.VersionLoggerListener.log Command line argument: -Dcatalina.base=C:\Users\fdcen\Desktop\proyectos_git\dental-clinic\apache-tomcat-9.0.89
25-May-2024 19:18:24.021 INFO [main] org.apache.catalina.startup.VersionLoggerListener.log Command line argument: -Dcatalina.home=C:\Users\fdcen\Desktop\proyectos_git\dental-clinic\apache-tomcat-9.0.89
25-May-2024 19:18:24.021 INFO [main] org.apache.catalina.startup.VersionLoggerListener.log Command line argument: -Djava.io.tmpdir=C:\Users\fdcen\Desktop\proyectos_git\dental-clinic\apache-tomcat-9.0.89\temp
25-May-2024 19:18:24.024 INFO [main] org.apache.catalina.core.AprLifecycleListener.lifecycleEvent Loaded Apache Tomcat Native library [1.3.0] using APR version [1.7.4].
25-May-2024 19:18:24.024 INFO [main] org.apache.catalina.core.AprLifecycleListener.lifecycleEvent APR capabilities: IPv6 [true], sendfile [true], accept filters [false], random [true], UDS [true].
25-May-2024 19:18:24.065 INFO [main] org.apache.catalina.core.AprLifecycleListener.lifecycleEvent APR/OpenSSL configuration: useAprConnector [false], useOpenSSL [true]
25-May-2024 19:18:24.077 INFO [main] org.apache.catalina.core.AprLifecycleListener.initializeSSL OpenSSL successfully initialized [OpenSSL 3.0.13 30 Jan 2024]
25-May-2024 19:18:24.238 INFO [main] org.apache.coyote.AbstractProtocol.init Initializing ProtocolHandler ["http-nio-8080"]
25-May-2024 19:18:24.249 INFO [main] org.apache.catalina.startup.Catalina.load Server initialization in [346] milliseconds
25-May-2024 19:18:24.294 INFO [main] org.apache.catalina.core.StandardService.startInternal Starting service [Catalina]
25-May-2024 19:18:24.294 INFO [main] org.apache.catalina.core.StandardEngine.startInternal Starting Servlet engine: [Apache Tomcat/9.0.89]
25-May-2024 19:18:24.299 INFO [main] org.apache.catalina.startup.HostConfig.deployDescriptor Deploying deployment descriptor [C:\Users\fdcen\Desktop\proyectos_git\dental-clinic\apache-tomcat-9.0.89\conf\Catalina\localhost\dental-clinic.xml]
25-May-2024 19:18:24.309 WARNING [main] org.apache.catalina.startup.HostConfig.deployDescriptor The path attribute with value [/dental-clinic] in deployment descriptor [C:\Users\fdcen\Desktop\proyectos_git\dental-clinic\apache-tomcat-9.0.89\conf\Catalina\localhost\dental-clinic.xml] has been ignored
25-May-2024 19:18:25.133 INFO [main] org.apache.jasper.servlet.TldScanner.scanJars At least one JAR was scanned for TLDs yet contained no TLDs. Enable debug logging for this logger for a complete list of JARs that were scanned but no TLDs were found in them. Skipping unneeded JARs during scanning can improve startup time and JSP compilation time.
25-May-2024 19:18:25.160 INFO [main] org.apache.catalina.startup.HostConfig.deployDescriptor Deployment of deployment descriptor [C:\Users\fdcen\Desktop\proyectos_git\dental-clinic\apache-tomcat-9.0.89\conf\Catalina\localhost\dental-clinic.xml] has finished in [861] ms
25-May-2024 19:18:25.160 INFO [main] org.apache.catalina.startup.HostConfig.deployDirectory Deploying web application directory [C:\Users\fdcen\Desktop\proyectos_git\dental-clinic\apache-tomcat-9.0.89\webapps\docs]
25-May-2024 19:18:25.180 INFO [main] org.apache.catalina.startup.HostConfig.deployDirectory Deployment of web application directory [C:\Users\fdcen\Desktop\proyectos_git\dental-clinic\apache-tomcat-9.0.89\webapps\docs] has finished in [20] ms
25-May-2024 19:18:25.181 INFO [main] org.apache.catalina.startup.HostConfig.deployDirectory Deploying web application directory [C:\Users\fdcen\Desktop\proyectos_git\dental-clinic\apache-tomcat-9.0.89\webapps\examples]
25-May-2024 19:18:25.430 INFO [main] org.apache.catalina.startup.HostConfig.deployDirectory Deployment of web application directory [C:\Users\fdcen\Desktop\proyectos_git\dental-clinic\apache-tomcat-9.0.89\webapps\examples] has finished in [249] ms
25-May-2024 19:18:25.430 INFO [main] org.apache.catalina.startup.HostConfig.deployDirectory Deploying web application directory [C:\Users\fdcen\Desktop\proyectos_git\dental-clinic\apache-tomcat-9.0.89\webapps\host-manager]
25-May-2024 19:18:25.453 INFO [main] org.apache.catalina.startup.HostConfig.deployDirectory Deployment of web application directory [C:\Users\fdcen\Desktop\proyectos_git\dental-clinic\apache-tomcat-9.0.89\webapps\host-manager] has finished in [23] ms
25-May-2024 19:18:25.453 INFO [main] org.apache.catalina.startup.HostConfig.deployDirectory Deploying web application directory [C:\Users\fdcen\Desktop\proyectos_git\dental-clinic\apache-tomcat-9.0.89\webapps\manager]
25-May-2024 19:18:25.473 INFO [main] org.apache.catalina.startup.HostConfig.deployDirectory Deployment of web application directory [C:\Users\fdcen\Desktop\proyectos_git\dental-clinic\apache-tomcat-9.0.89\webapps\manager] has finished in [20] ms
25-May-2024 19:18:25.473 INFO [main] org.apache.catalina.startup.HostConfig.deployDirectory Deploying web application directory [C:\Users\fdcen\Desktop\proyectos_git\dental-clinic\apache-tomcat-9.0.89\webapps\ROOT]
25-May-2024 19:18:25.485 INFO [main] org.apache.catalina.startup.HostConfig.deployDirectory Deployment of web application directory [C:\Users\fdcen\Desktop\proyectos_git\dental-clinic\apache-tomcat-9.0.89\webapps\ROOT] has finished in [12] ms
25-May-2024 19:18:25.488 INFO [main] org.apache.coyote.AbstractProtocol.start Starting ProtocolHandler ["http-nio-8080"]
25-May-2024 19:18:25.502 INFO [main] org.apache.catalina.startup.Catalina.start Server startup in [1253] milliseconds
25-May-2024 19:18:27.401 INFO [http-nio-8080-exec-10] org.apache.catalina.startup.HostConfig.undeploy Undeploying context [/dental-clinic]
25-May-2024 19:18:27.438 INFO [http-nio-8080-exec-2] org.apache.catalina.startup.HostConfig.deployDescriptor Deploying deployment descriptor [C:\Users\fdcen\Desktop\proyectos_git\dental-clinic\apache-tomcat-9.0.89\conf\Catalina\localhost\dental-clinic.xml]
25-May-2024 19:18:27.438 WARNING [http-nio-8080-exec-2] org.apache.catalina.startup.HostConfig.deployDescriptor The path attribute with value [/dental-clinic] in deployment descriptor [C:\Users\fdcen\Desktop\proyectos_git\dental-clinic\apache-tomcat-9.0.89\conf\Catalina\localhost\dental-clinic.xml] has been ignored
25-May-2024 19:18:28.004 INFO [http-nio-8080-exec-2] org.apache.jasper.servlet.TldScanner.scanJars At least one JAR was scanned for TLDs yet contained no TLDs. Enable debug logging for this logger for a complete list of JARs that were scanned but no TLDs were found in them. Skipping unneeded JARs during scanning can improve startup time and JSP compilation time.
25-May-2024 19:18:28.006 INFO [http-nio-8080-exec-2] org.apache.catalina.startup.HostConfig.deployDescriptor Deployment of deployment descriptor [C:\Users\fdcen\Desktop\proyectos_git\dental-clinic\apache-tomcat-9.0.89\conf\Catalina\localhost\dental-clinic.xml] has finished in [568] ms
25-May-2024 19:18:28.008 INFO [http-nio-8080-exec-7] org.apache.catalina.util.LifecycleBase.start The start() method was called on component [StandardEngine[Catalina].StandardHost[localhost].StandardContext[/dental-clinic]] after start() had already been called. The second call will be ignored.
25-May-2024 20:07:28.344 INFO [http-nio-8080-exec-15] org.apache.catalina.startup.HostConfig.undeploy Undeploying context [/dental-clinic]
25-May-2024 20:07:28.353 INFO [http-nio-8080-exec-20] org.apache.catalina.startup.HostConfig.deployDescriptor Deploying deployment descriptor [C:\Users\fdcen\Desktop\proyectos_git\dental-clinic\apache-tomcat-9.0.89\conf\Catalina\localhost\dental-clinic.xml]
25-May-2024 20:07:28.354 WARNING [http-nio-8080-exec-20] org.apache.catalina.startup.HostConfig.deployDescriptor The path attribute with value [/dental-clinic] in deployment descriptor [C:\Users\fdcen\Desktop\proyectos_git\dental-clinic\apache-tomcat-9.0.89\conf\Catalina\localhost\dental-clinic.xml] has been ignored
25-May-2024 20:07:28.914 INFO [http-nio-8080-exec-20] org.apache.jasper.servlet.TldScanner.scanJars At least one JAR was scanned for TLDs yet contained no TLDs. Enable debug logging for this logger for a complete list of JARs that were scanned but no TLDs were found in them. Skipping unneeded JARs during scanning can improve startup time and JSP compilation time.
25-May-2024 20:07:28.915 INFO [http-nio-8080-exec-20] org.apache.catalina.startup.HostConfig.deployDescriptor Deployment of deployment descriptor [C:\Users\fdcen\Desktop\proyectos_git\dental-clinic\apache-tomcat-9.0.89\conf\Catalina\localhost\dental-clinic.xml] has finished in [562] ms
25-May-2024 20:07:28.918 INFO [http-nio-8080-exec-13] org.apache.catalina.util.LifecycleBase.start The start() method was called on component [StandardEngine[Catalina].StandardHost[localhost].StandardContext[/dental-clinic]] after start() had already been called. The second call will be ignored.
25-May-2024 20:29:23.086 INFO [main] org.apache.catalina.core.StandardServer.await A valid shutdown command was received via the shutdown port. Stopping the Server instance.
25-May-2024 20:29:23.087 INFO [main] org.apache.coyote.AbstractProtocol.pause Pausing ProtocolHandler ["http-nio-8080"]
25-May-2024 20:29:23.089 INFO [main] org.apache.catalina.core.StandardService.stopInternal Stopping service [Catalina]
25-May-2024 20:29:23.096 INFO [main] org.apache.coyote.AbstractProtocol.stop Stopping ProtocolHandler ["http-nio-8080"]
25-May-2024 20:29:23.098 INFO [main] org.apache.coyote.AbstractProtocol.destroy Destroying ProtocolHandler ["http-nio-8080"]
