04-Jun-2024 20:10:13.157 INFO [main] org.apache.catalina.startup.VersionLoggerListener.log Server version name:   Apache Tomcat/9.0.89
04-Jun-2024 20:10:13.159 INFO [main] org.apache.catalina.startup.VersionLoggerListener.log Server built:          May 3 2024 20:22:11 UTC
04-Jun-2024 20:10:13.159 INFO [main] org.apache.catalina.startup.VersionLoggerListener.log Server version number: 9.0.89.0
04-Jun-2024 20:10:13.159 INFO [main] org.apache.catalina.startup.VersionLoggerListener.log OS Name:               Windows 11
04-Jun-2024 20:10:13.160 INFO [main] org.apache.catalina.startup.VersionLoggerListener.log OS Version:            10.0
04-Jun-2024 20:10:13.160 INFO [main] org.apache.catalina.startup.VersionLoggerListener.log Architecture:          amd64
04-Jun-2024 20:10:13.160 INFO [main] org.apache.catalina.startup.VersionLoggerListener.log Java Home:             C:\Program Files\Java\jdk-22
04-Jun-2024 20:10:13.160 INFO [main] org.apache.catalina.startup.VersionLoggerListener.log JVM Version:           22+36-2370
04-Jun-2024 20:10:13.160 INFO [main] org.apache.catalina.startup.VersionLoggerListener.log JVM Vendor:            Oracle Corporation
04-Jun-2024 20:10:13.160 INFO [main] org.apache.catalina.startup.VersionLoggerListener.log CATALINA_BASE:         C:\Users\fdcen\Desktop\proyectos_git\dental-clinic\apache-tomcat-9.0.89
04-Jun-2024 20:10:13.160 INFO [main] org.apache.catalina.startup.VersionLoggerListener.log CATALINA_HOME:         C:\Users\fdcen\Desktop\proyectos_git\dental-clinic\apache-tomcat-9.0.89
04-Jun-2024 20:10:13.167 INFO [main] org.apache.catalina.startup.VersionLoggerListener.log Command line argument: --add-opens=java.base/java.lang=ALL-UNNAMED
04-Jun-2024 20:10:13.167 INFO [main] org.apache.catalina.startup.VersionLoggerListener.log Command line argument: --add-opens=java.base/java.io=ALL-UNNAMED
04-Jun-2024 20:10:13.167 INFO [main] org.apache.catalina.startup.VersionLoggerListener.log Command line argument: --add-opens=java.base/java.util=ALL-UNNAMED
04-Jun-2024 20:10:13.167 INFO [main] org.apache.catalina.startup.VersionLoggerListener.log Command line argument: --add-opens=java.base/java.util.concurrent=ALL-UNNAMED
04-Jun-2024 20:10:13.167 INFO [main] org.apache.catalina.startup.VersionLoggerListener.log Command line argument: --add-opens=java.rmi/sun.rmi.transport=ALL-UNNAMED
04-Jun-2024 20:10:13.167 INFO [main] org.apache.catalina.startup.VersionLoggerListener.log Command line argument: -Djava.util.logging.config.file=C:\Users\fdcen\Desktop\proyectos_git\dental-clinic\apache-tomcat-9.0.89\conf\logging.properties
04-Jun-2024 20:10:13.167 INFO [main] org.apache.catalina.startup.VersionLoggerListener.log Command line argument: -Djava.util.logging.manager=org.apache.juli.ClassLoaderLogManager
04-Jun-2024 20:10:13.167 INFO [main] org.apache.catalina.startup.VersionLoggerListener.log Command line argument: -Djdk.tls.ephemeralDHKeySize=2048
04-Jun-2024 20:10:13.167 INFO [main] org.apache.catalina.startup.VersionLoggerListener.log Command line argument: -Djava.protocol.handler.pkgs=org.apache.catalina.webresources
04-Jun-2024 20:10:13.167 INFO [main] org.apache.catalina.startup.VersionLoggerListener.log Command line argument: -Dignore.endorsed.dirs=
04-Jun-2024 20:10:13.167 INFO [main] org.apache.catalina.startup.VersionLoggerListener.log Command line argument: -Dcatalina.base=C:\Users\fdcen\Desktop\proyectos_git\dental-clinic\apache-tomcat-9.0.89
04-Jun-2024 20:10:13.167 INFO [main] org.apache.catalina.startup.VersionLoggerListener.log Command line argument: -Dcatalina.home=C:\Users\fdcen\Desktop\proyectos_git\dental-clinic\apache-tomcat-9.0.89
04-Jun-2024 20:10:13.167 INFO [main] org.apache.catalina.startup.VersionLoggerListener.log Command line argument: -Djava.io.tmpdir=C:\Users\fdcen\Desktop\proyectos_git\dental-clinic\apache-tomcat-9.0.89\temp
04-Jun-2024 20:10:13.171 INFO [main] org.apache.catalina.core.AprLifecycleListener.lifecycleEvent Loaded Apache Tomcat Native library [1.3.0] using APR version [1.7.4].
04-Jun-2024 20:10:13.171 INFO [main] org.apache.catalina.core.AprLifecycleListener.lifecycleEvent APR capabilities: IPv6 [true], sendfile [true], accept filters [false], random [true], UDS [true].
04-Jun-2024 20:10:13.198 INFO [main] org.apache.catalina.core.AprLifecycleListener.lifecycleEvent APR/OpenSSL configuration: useAprConnector [false], useOpenSSL [true]
04-Jun-2024 20:10:13.209 INFO [main] org.apache.catalina.core.AprLifecycleListener.initializeSSL OpenSSL successfully initialized [OpenSSL 3.0.13 30 Jan 2024]
04-Jun-2024 20:10:13.371 INFO [main] org.apache.coyote.AbstractProtocol.init Initializing ProtocolHandler ["http-nio-8080"]
04-Jun-2024 20:10:13.385 INFO [main] org.apache.catalina.startup.Catalina.load Server initialization in [339] milliseconds
04-Jun-2024 20:10:13.423 INFO [main] org.apache.catalina.core.StandardService.startInternal Starting service [Catalina]
04-Jun-2024 20:10:13.423 INFO [main] org.apache.catalina.core.StandardEngine.startInternal Starting Servlet engine: [Apache Tomcat/9.0.89]
04-Jun-2024 20:10:13.428 INFO [main] org.apache.catalina.startup.HostConfig.deployDescriptor Deploying deployment descriptor [C:\Users\fdcen\Desktop\proyectos_git\dental-clinic\apache-tomcat-9.0.89\conf\Catalina\localhost\dental-clinic.xml]
04-Jun-2024 20:10:13.436 WARNING [main] org.apache.catalina.startup.HostConfig.deployDescriptor The path attribute with value [/dental-clinic] in deployment descriptor [C:\Users\fdcen\Desktop\proyectos_git\dental-clinic\apache-tomcat-9.0.89\conf\Catalina\localhost\dental-clinic.xml] has been ignored
04-Jun-2024 20:10:14.268 INFO [main] org.apache.jasper.servlet.TldScanner.scanJars At least one JAR was scanned for TLDs yet contained no TLDs. Enable debug logging for this logger for a complete list of JARs that were scanned but no TLDs were found in them. Skipping unneeded JARs during scanning can improve startup time and JSP compilation time.
04-Jun-2024 20:10:14.300 INFO [main] org.apache.catalina.startup.HostConfig.deployDescriptor Deployment of deployment descriptor [C:\Users\fdcen\Desktop\proyectos_git\dental-clinic\apache-tomcat-9.0.89\conf\Catalina\localhost\dental-clinic.xml] has finished in [872] ms
04-Jun-2024 20:10:14.300 INFO [main] org.apache.catalina.startup.HostConfig.deployDirectory Deploying web application directory [C:\Users\fdcen\Desktop\proyectos_git\dental-clinic\apache-tomcat-9.0.89\webapps\docs]
04-Jun-2024 20:10:14.321 INFO [main] org.apache.catalina.startup.HostConfig.deployDirectory Deployment of web application directory [C:\Users\fdcen\Desktop\proyectos_git\dental-clinic\apache-tomcat-9.0.89\webapps\docs] has finished in [21] ms
04-Jun-2024 20:10:14.321 INFO [main] org.apache.catalina.startup.HostConfig.deployDirectory Deploying web application directory [C:\Users\fdcen\Desktop\proyectos_git\dental-clinic\apache-tomcat-9.0.89\webapps\examples]
04-Jun-2024 20:10:14.582 INFO [main] org.apache.catalina.startup.HostConfig.deployDirectory Deployment of web application directory [C:\Users\fdcen\Desktop\proyectos_git\dental-clinic\apache-tomcat-9.0.89\webapps\examples] has finished in [261] ms
04-Jun-2024 20:10:14.582 INFO [main] org.apache.catalina.startup.HostConfig.deployDirectory Deploying web application directory [C:\Users\fdcen\Desktop\proyectos_git\dental-clinic\apache-tomcat-9.0.89\webapps\host-manager]
04-Jun-2024 20:10:14.605 INFO [main] org.apache.catalina.startup.HostConfig.deployDirectory Deployment of web application directory [C:\Users\fdcen\Desktop\proyectos_git\dental-clinic\apache-tomcat-9.0.89\webapps\host-manager] has finished in [23] ms
04-Jun-2024 20:10:14.605 INFO [main] org.apache.catalina.startup.HostConfig.deployDirectory Deploying web application directory [C:\Users\fdcen\Desktop\proyectos_git\dental-clinic\apache-tomcat-9.0.89\webapps\manager]
04-Jun-2024 20:10:14.627 INFO [main] org.apache.catalina.startup.HostConfig.deployDirectory Deployment of web application directory [C:\Users\fdcen\Desktop\proyectos_git\dental-clinic\apache-tomcat-9.0.89\webapps\manager] has finished in [22] ms
04-Jun-2024 20:10:14.627 INFO [main] org.apache.catalina.startup.HostConfig.deployDirectory Deploying web application directory [C:\Users\fdcen\Desktop\proyectos_git\dental-clinic\apache-tomcat-9.0.89\webapps\ROOT]
04-Jun-2024 20:10:14.641 INFO [main] org.apache.catalina.startup.HostConfig.deployDirectory Deployment of web application directory [C:\Users\fdcen\Desktop\proyectos_git\dental-clinic\apache-tomcat-9.0.89\webapps\ROOT] has finished in [14] ms
04-Jun-2024 20:10:14.643 INFO [main] org.apache.coyote.AbstractProtocol.start Starting ProtocolHandler ["http-nio-8080"]
04-Jun-2024 20:10:14.655 INFO [main] org.apache.catalina.startup.Catalina.start Server startup in [1269] milliseconds
04-Jun-2024 20:10:16.704 INFO [http-nio-8080-exec-9] org.apache.catalina.startup.HostConfig.undeploy Undeploying context [/dental-clinic]
04-Jun-2024 20:10:16.742 INFO [http-nio-8080-exec-10] org.apache.catalina.startup.HostConfig.deployDescriptor Deploying deployment descriptor [C:\Users\fdcen\Desktop\proyectos_git\dental-clinic\apache-tomcat-9.0.89\conf\Catalina\localhost\dental-clinic.xml]
04-Jun-2024 20:10:16.743 WARNING [http-nio-8080-exec-10] org.apache.catalina.startup.HostConfig.deployDescriptor The path attribute with value [/dental-clinic] in deployment descriptor [C:\Users\fdcen\Desktop\proyectos_git\dental-clinic\apache-tomcat-9.0.89\conf\Catalina\localhost\dental-clinic.xml] has been ignored
04-Jun-2024 20:10:17.338 INFO [http-nio-8080-exec-10] org.apache.jasper.servlet.TldScanner.scanJars At least one JAR was scanned for TLDs yet contained no TLDs. Enable debug logging for this logger for a complete list of JARs that were scanned but no TLDs were found in them. Skipping unneeded JARs during scanning can improve startup time and JSP compilation time.
04-Jun-2024 20:10:17.340 INFO [http-nio-8080-exec-10] org.apache.catalina.startup.HostConfig.deployDescriptor Deployment of deployment descriptor [C:\Users\fdcen\Desktop\proyectos_git\dental-clinic\apache-tomcat-9.0.89\conf\Catalina\localhost\dental-clinic.xml] has finished in [598] ms
04-Jun-2024 20:10:17.342 INFO [http-nio-8080-exec-1] org.apache.catalina.util.LifecycleBase.start The start() method was called on component [StandardEngine[Catalina].StandardHost[localhost].StandardContext[/dental-clinic]] after start() had already been called. The second call will be ignored.
04-Jun-2024 20:34:04.517 WARNING [http-nio-8080-exec-20] org.apache.catalina.loader.WebappClassLoaderBase.clearReferencesJdbc The web application [dental-clinic] registered the JDBC driver [com.mysql.cj.jdbc.Driver] but failed to unregister it when the web application was stopped. To prevent a memory leak, the JDBC Driver has been forcibly unregistered.
04-Jun-2024 20:34:04.517 WARNING [http-nio-8080-exec-20] org.apache.catalina.loader.WebappClassLoaderBase.clearReferencesThreads The web application [dental-clinic] appears to have started a thread named [mysql-cj-abandoned-connection-cleanup] but has failed to stop it. This is very likely to create a memory leak. Stack trace of thread:
 java.base/jdk.internal.misc.Unsafe.park(Native Method)
 java.base/java.util.concurrent.locks.LockSupport.parkNanos(LockSupport.java:269)
 java.base/java.util.concurrent.locks.AbstractQueuedSynchronizer$ConditionObject.await(AbstractQueuedSynchronizer.java:1847)
 java.base/java.lang.ref.ReferenceQueue.await(ReferenceQueue.java:71)
 java.base/java.lang.ref.ReferenceQueue.remove0(ReferenceQueue.java:143)
 java.base/java.lang.ref.ReferenceQueue.remove(ReferenceQueue.java:218)
 com.mysql.cj.jdbc.AbandonedConnectionCleanupThread.run(AbandonedConnectionCleanupThread.java:91)
 java.base/java.util.concurrent.ThreadPoolExecutor.runWorker(ThreadPoolExecutor.java:1144)
 java.base/java.util.concurrent.ThreadPoolExecutor$Worker.run(ThreadPoolExecutor.java:642)
 java.base/java.lang.Thread.run(Thread.java:1570)
04-Jun-2024 20:34:05.019 INFO [http-nio-8080-exec-20] org.apache.catalina.startup.HostConfig.undeploy Undeploying context [/dental-clinic]
04-Jun-2024 20:34:05.145 INFO [mysql-cj-abandoned-connection-cleanup] org.apache.catalina.loader.WebappClassLoaderBase.checkStateForResourceLoading Illegal access: this web application instance has been stopped already. Could not load []. The following stack trace is thrown for debugging purposes as well as to attempt to terminate the thread which caused the illegal access.
	java.lang.IllegalStateException: Illegal access: this web application instance has been stopped already. Could not load []. The following stack trace is thrown for debugging purposes as well as to attempt to terminate the thread which caused the illegal access.
		at org.apache.catalina.loader.WebappClassLoaderBase.checkStateForResourceLoading(WebappClassLoaderBase.java:1328)
		at org.apache.catalina.loader.WebappClassLoaderBase.getResource(WebappClassLoaderBase.java:960)
		at com.mysql.cj.jdbc.AbandonedConnectionCleanupThread.checkThreadContextClassLoader(AbandonedConnectionCleanupThread.java:123)
		at com.mysql.cj.jdbc.AbandonedConnectionCleanupThread.run(AbandonedConnectionCleanupThread.java:90)
		at java.base/java.util.concurrent.ThreadPoolExecutor.runWorker(ThreadPoolExecutor.java:1144)
		at java.base/java.util.concurrent.ThreadPoolExecutor$Worker.run(ThreadPoolExecutor.java:642)
		at java.base/java.lang.Thread.run(Thread.java:1570)
04-Jun-2024 20:35:33.038 INFO [http-nio-8080-exec-18] org.apache.catalina.startup.HostConfig.deployDescriptor Deploying deployment descriptor [C:\Users\fdcen\Desktop\proyectos_git\dental-clinic\apache-tomcat-9.0.89\conf\Catalina\localhost\dental-clinic.xml]
04-Jun-2024 20:35:33.039 WARNING [http-nio-8080-exec-18] org.apache.catalina.startup.HostConfig.deployDescriptor The path attribute with value [/dental-clinic] in deployment descriptor [C:\Users\fdcen\Desktop\proyectos_git\dental-clinic\apache-tomcat-9.0.89\conf\Catalina\localhost\dental-clinic.xml] has been ignored
04-Jun-2024 20:35:33.664 INFO [http-nio-8080-exec-18] org.apache.jasper.servlet.TldScanner.scanJars At least one JAR was scanned for TLDs yet contained no TLDs. Enable debug logging for this logger for a complete list of JARs that were scanned but no TLDs were found in them. Skipping unneeded JARs during scanning can improve startup time and JSP compilation time.
04-Jun-2024 20:35:33.665 INFO [http-nio-8080-exec-18] org.apache.catalina.startup.HostConfig.deployDescriptor Deployment of deployment descriptor [C:\Users\fdcen\Desktop\proyectos_git\dental-clinic\apache-tomcat-9.0.89\conf\Catalina\localhost\dental-clinic.xml] has finished in [627] ms
04-Jun-2024 20:35:33.667 INFO [http-nio-8080-exec-12] org.apache.catalina.util.LifecycleBase.start The start() method was called on component [StandardEngine[Catalina].StandardHost[localhost].StandardContext[/dental-clinic]] after start() had already been called. The second call will be ignored.
04-Jun-2024 20:37:35.397 WARNING [http-nio-8080-exec-30] org.apache.catalina.loader.WebappClassLoaderBase.clearReferencesJdbc The web application [dental-clinic] registered the JDBC driver [com.mysql.cj.jdbc.Driver] but failed to unregister it when the web application was stopped. To prevent a memory leak, the JDBC Driver has been forcibly unregistered.
04-Jun-2024 20:37:35.397 WARNING [http-nio-8080-exec-30] org.apache.catalina.loader.WebappClassLoaderBase.clearReferencesThreads The web application [dental-clinic] appears to have started a thread named [mysql-cj-abandoned-connection-cleanup] but has failed to stop it. This is very likely to create a memory leak. Stack trace of thread:
 java.base/jdk.internal.misc.Unsafe.park(Native Method)
 java.base/java.util.concurrent.locks.LockSupport.parkNanos(LockSupport.java:269)
 java.base/java.util.concurrent.locks.AbstractQueuedSynchronizer$ConditionObject.await(AbstractQueuedSynchronizer.java:1847)
 java.base/java.lang.ref.ReferenceQueue.await(ReferenceQueue.java:71)
 java.base/java.lang.ref.ReferenceQueue.remove0(ReferenceQueue.java:143)
 java.base/java.lang.ref.ReferenceQueue.remove(ReferenceQueue.java:218)
 com.mysql.cj.jdbc.AbandonedConnectionCleanupThread.run(AbandonedConnectionCleanupThread.java:91)
 java.base/java.util.concurrent.ThreadPoolExecutor.runWorker(ThreadPoolExecutor.java:1144)
 java.base/java.util.concurrent.ThreadPoolExecutor$Worker.run(ThreadPoolExecutor.java:642)
 java.base/java.lang.Thread.run(Thread.java:1570)
04-Jun-2024 20:37:35.900 INFO [http-nio-8080-exec-30] org.apache.catalina.startup.HostConfig.undeploy Undeploying context [/dental-clinic]
04-Jun-2024 20:37:37.688 INFO [mysql-cj-abandoned-connection-cleanup] org.apache.catalina.loader.WebappClassLoaderBase.checkStateForResourceLoading Illegal access: this web application instance has been stopped already. Could not load []. The following stack trace is thrown for debugging purposes as well as to attempt to terminate the thread which caused the illegal access.
	java.lang.IllegalStateException: Illegal access: this web application instance has been stopped already. Could not load []. The following stack trace is thrown for debugging purposes as well as to attempt to terminate the thread which caused the illegal access.
		at org.apache.catalina.loader.WebappClassLoaderBase.checkStateForResourceLoading(WebappClassLoaderBase.java:1328)
		at org.apache.catalina.loader.WebappClassLoaderBase.getResource(WebappClassLoaderBase.java:960)
		at com.mysql.cj.jdbc.AbandonedConnectionCleanupThread.checkThreadContextClassLoader(AbandonedConnectionCleanupThread.java:123)
		at com.mysql.cj.jdbc.AbandonedConnectionCleanupThread.run(AbandonedConnectionCleanupThread.java:90)
		at java.base/java.util.concurrent.ThreadPoolExecutor.runWorker(ThreadPoolExecutor.java:1144)
		at java.base/java.util.concurrent.ThreadPoolExecutor$Worker.run(ThreadPoolExecutor.java:642)
		at java.base/java.lang.Thread.run(Thread.java:1570)
04-Jun-2024 20:39:11.975 INFO [http-nio-8080-exec-32] org.apache.catalina.startup.HostConfig.deployDescriptor Deploying deployment descriptor [C:\Users\fdcen\Desktop\proyectos_git\dental-clinic\apache-tomcat-9.0.89\conf\Catalina\localhost\dental-clinic.xml]
04-Jun-2024 20:39:11.975 WARNING [http-nio-8080-exec-32] org.apache.catalina.startup.HostConfig.deployDescriptor The path attribute with value [/dental-clinic] in deployment descriptor [C:\Users\fdcen\Desktop\proyectos_git\dental-clinic\apache-tomcat-9.0.89\conf\Catalina\localhost\dental-clinic.xml] has been ignored
04-Jun-2024 20:39:12.530 INFO [http-nio-8080-exec-32] org.apache.jasper.servlet.TldScanner.scanJars At least one JAR was scanned for TLDs yet contained no TLDs. Enable debug logging for this logger for a complete list of JARs that were scanned but no TLDs were found in them. Skipping unneeded JARs during scanning can improve startup time and JSP compilation time.
04-Jun-2024 20:39:12.531 INFO [http-nio-8080-exec-32] org.apache.catalina.startup.HostConfig.deployDescriptor Deployment of deployment descriptor [C:\Users\fdcen\Desktop\proyectos_git\dental-clinic\apache-tomcat-9.0.89\conf\Catalina\localhost\dental-clinic.xml] has finished in [556] ms
04-Jun-2024 20:39:12.532 INFO [http-nio-8080-exec-25] org.apache.catalina.util.LifecycleBase.start The start() method was called on component [StandardEngine[Catalina].StandardHost[localhost].StandardContext[/dental-clinic]] after start() had already been called. The second call will be ignored.
04-Jun-2024 20:44:00.367 INFO [main] org.apache.catalina.core.StandardServer.await A valid shutdown command was received via the shutdown port. Stopping the Server instance.
04-Jun-2024 20:44:00.367 INFO [main] org.apache.coyote.AbstractProtocol.pause Pausing ProtocolHandler ["http-nio-8080"]
04-Jun-2024 20:44:00.368 INFO [main] org.apache.catalina.core.StandardService.stopInternal Stopping service [Catalina]
04-Jun-2024 20:44:00.376 INFO [main] org.apache.coyote.AbstractProtocol.stop Stopping ProtocolHandler ["http-nio-8080"]
04-Jun-2024 20:44:00.378 INFO [main] org.apache.coyote.AbstractProtocol.destroy Destroying ProtocolHandler ["http-nio-8080"]
