12-Jul-2024 23:46:05.889 INFO [main] org.apache.catalina.startup.VersionLoggerListener.log Server version name:   Apache Tomcat/9.0.89
12-Jul-2024 23:46:05.891 INFO [main] org.apache.catalina.startup.VersionLoggerListener.log Server built:          May 3 2024 20:22:11 UTC
12-Jul-2024 23:46:05.891 INFO [main] org.apache.catalina.startup.VersionLoggerListener.log Server version number: 9.0.89.0
12-Jul-2024 23:46:05.891 INFO [main] org.apache.catalina.startup.VersionLoggerListener.log OS Name:               Windows 11
12-Jul-2024 23:46:05.891 INFO [main] org.apache.catalina.startup.VersionLoggerListener.log OS Version:            10.0
12-Jul-2024 23:46:05.891 INFO [main] org.apache.catalina.startup.VersionLoggerListener.log Architecture:          amd64
12-Jul-2024 23:46:05.891 INFO [main] org.apache.catalina.startup.VersionLoggerListener.log Java Home:             C:\Program Files\Java\jdk-22
12-Jul-2024 23:46:05.891 INFO [main] org.apache.catalina.startup.VersionLoggerListener.log JVM Version:           22+36-2370
12-Jul-2024 23:46:05.891 INFO [main] org.apache.catalina.startup.VersionLoggerListener.log JVM Vendor:            Oracle Corporation
12-Jul-2024 23:46:05.891 INFO [main] org.apache.catalina.startup.VersionLoggerListener.log CATALINA_BASE:         C:\Users\fdcen\Desktop\proyectos_git\dental-clinic\apache-tomcat-9.0.89
12-Jul-2024 23:46:05.891 INFO [main] org.apache.catalina.startup.VersionLoggerListener.log CATALINA_HOME:         C:\Users\fdcen\Desktop\proyectos_git\dental-clinic\apache-tomcat-9.0.89
12-Jul-2024 23:46:05.895 INFO [main] org.apache.catalina.startup.VersionLoggerListener.log Command line argument: --add-opens=java.base/java.lang=ALL-UNNAMED
12-Jul-2024 23:46:05.895 INFO [main] org.apache.catalina.startup.VersionLoggerListener.log Command line argument: --add-opens=java.base/java.io=ALL-UNNAMED
12-Jul-2024 23:46:05.895 INFO [main] org.apache.catalina.startup.VersionLoggerListener.log Command line argument: --add-opens=java.base/java.util=ALL-UNNAMED
12-Jul-2024 23:46:05.895 INFO [main] org.apache.catalina.startup.VersionLoggerListener.log Command line argument: --add-opens=java.base/java.util.concurrent=ALL-UNNAMED
12-Jul-2024 23:46:05.895 INFO [main] org.apache.catalina.startup.VersionLoggerListener.log Command line argument: --add-opens=java.rmi/sun.rmi.transport=ALL-UNNAMED
12-Jul-2024 23:46:05.895 INFO [main] org.apache.catalina.startup.VersionLoggerListener.log Command line argument: -Djava.util.logging.config.file=C:\Users\fdcen\Desktop\proyectos_git\dental-clinic\apache-tomcat-9.0.89\conf\logging.properties
12-Jul-2024 23:46:05.895 INFO [main] org.apache.catalina.startup.VersionLoggerListener.log Command line argument: -Djava.util.logging.manager=org.apache.juli.ClassLoaderLogManager
12-Jul-2024 23:46:05.895 INFO [main] org.apache.catalina.startup.VersionLoggerListener.log Command line argument: -Djdk.tls.ephemeralDHKeySize=2048
12-Jul-2024 23:46:05.896 INFO [main] org.apache.catalina.startup.VersionLoggerListener.log Command line argument: -Djava.protocol.handler.pkgs=org.apache.catalina.webresources
12-Jul-2024 23:46:05.896 INFO [main] org.apache.catalina.startup.VersionLoggerListener.log Command line argument: -Dignore.endorsed.dirs=
12-Jul-2024 23:46:05.896 INFO [main] org.apache.catalina.startup.VersionLoggerListener.log Command line argument: -Dcatalina.base=C:\Users\fdcen\Desktop\proyectos_git\dental-clinic\apache-tomcat-9.0.89
12-Jul-2024 23:46:05.896 INFO [main] org.apache.catalina.startup.VersionLoggerListener.log Command line argument: -Dcatalina.home=C:\Users\fdcen\Desktop\proyectos_git\dental-clinic\apache-tomcat-9.0.89
12-Jul-2024 23:46:05.896 INFO [main] org.apache.catalina.startup.VersionLoggerListener.log Command line argument: -Djava.io.tmpdir=C:\Users\fdcen\Desktop\proyectos_git\dental-clinic\apache-tomcat-9.0.89\temp
12-Jul-2024 23:46:05.898 INFO [main] org.apache.catalina.core.AprLifecycleListener.lifecycleEvent Loaded Apache Tomcat Native library [1.3.0] using APR version [1.7.4].
12-Jul-2024 23:46:05.898 INFO [main] org.apache.catalina.core.AprLifecycleListener.lifecycleEvent APR capabilities: IPv6 [true], sendfile [true], accept filters [false], random [true], UDS [true].
12-Jul-2024 23:46:05.899 INFO [main] org.apache.catalina.core.AprLifecycleListener.lifecycleEvent APR/OpenSSL configuration: useAprConnector [false], useOpenSSL [true]
12-Jul-2024 23:46:05.901 INFO [main] org.apache.catalina.core.AprLifecycleListener.initializeSSL OpenSSL successfully initialized [OpenSSL 3.0.13 30 Jan 2024]
12-Jul-2024 23:46:06.061 INFO [main] org.apache.coyote.AbstractProtocol.init Initializing ProtocolHandler ["http-nio-8080"]
12-Jul-2024 23:46:06.072 INFO [main] org.apache.catalina.startup.Catalina.load Server initialization in [282] milliseconds
12-Jul-2024 23:46:06.111 INFO [main] org.apache.catalina.core.StandardService.startInternal Starting service [Catalina]
12-Jul-2024 23:46:06.111 INFO [main] org.apache.catalina.core.StandardEngine.startInternal Starting Servlet engine: [Apache Tomcat/9.0.89]
12-Jul-2024 23:46:06.116 INFO [main] org.apache.catalina.startup.HostConfig.deployDescriptor Deploying deployment descriptor [C:\Users\fdcen\Desktop\proyectos_git\dental-clinic\apache-tomcat-9.0.89\conf\Catalina\localhost\dental-clinic.xml]
12-Jul-2024 23:46:06.124 WARNING [main] org.apache.catalina.startup.HostConfig.deployDescriptor The path attribute with value [/dental-clinic] in deployment descriptor [C:\Users\fdcen\Desktop\proyectos_git\dental-clinic\apache-tomcat-9.0.89\conf\Catalina\localhost\dental-clinic.xml] has been ignored
12-Jul-2024 23:46:06.999 INFO [main] org.apache.jasper.servlet.TldScanner.scanJars At least one JAR was scanned for TLDs yet contained no TLDs. Enable debug logging for this logger for a complete list of JARs that were scanned but no TLDs were found in them. Skipping unneeded JARs during scanning can improve startup time and JSP compilation time.
12-Jul-2024 23:46:07.032 INFO [main] org.apache.catalina.startup.HostConfig.deployDescriptor Deployment of deployment descriptor [C:\Users\fdcen\Desktop\proyectos_git\dental-clinic\apache-tomcat-9.0.89\conf\Catalina\localhost\dental-clinic.xml] has finished in [916] ms
12-Jul-2024 23:46:07.033 INFO [main] org.apache.catalina.startup.HostConfig.deployDirectory Deploying web application directory [C:\Users\fdcen\Desktop\proyectos_git\dental-clinic\apache-tomcat-9.0.89\webapps\docs]
12-Jul-2024 23:46:07.053 INFO [main] org.apache.catalina.startup.HostConfig.deployDirectory Deployment of web application directory [C:\Users\fdcen\Desktop\proyectos_git\dental-clinic\apache-tomcat-9.0.89\webapps\docs] has finished in [20] ms
12-Jul-2024 23:46:07.054 INFO [main] org.apache.catalina.startup.HostConfig.deployDirectory Deploying web application directory [C:\Users\fdcen\Desktop\proyectos_git\dental-clinic\apache-tomcat-9.0.89\webapps\examples]
12-Jul-2024 23:46:07.312 INFO [main] org.apache.catalina.startup.HostConfig.deployDirectory Deployment of web application directory [C:\Users\fdcen\Desktop\proyectos_git\dental-clinic\apache-tomcat-9.0.89\webapps\examples] has finished in [258] ms
12-Jul-2024 23:46:07.312 INFO [main] org.apache.catalina.startup.HostConfig.deployDirectory Deploying web application directory [C:\Users\fdcen\Desktop\proyectos_git\dental-clinic\apache-tomcat-9.0.89\webapps\host-manager]
12-Jul-2024 23:46:07.333 INFO [main] org.apache.catalina.startup.HostConfig.deployDirectory Deployment of web application directory [C:\Users\fdcen\Desktop\proyectos_git\dental-clinic\apache-tomcat-9.0.89\webapps\host-manager] has finished in [21] ms
12-Jul-2024 23:46:07.333 INFO [main] org.apache.catalina.startup.HostConfig.deployDirectory Deploying web application directory [C:\Users\fdcen\Desktop\proyectos_git\dental-clinic\apache-tomcat-9.0.89\webapps\manager]
12-Jul-2024 23:46:07.356 INFO [main] org.apache.catalina.startup.HostConfig.deployDirectory Deployment of web application directory [C:\Users\fdcen\Desktop\proyectos_git\dental-clinic\apache-tomcat-9.0.89\webapps\manager] has finished in [23] ms
12-Jul-2024 23:46:07.357 INFO [main] org.apache.catalina.startup.HostConfig.deployDirectory Deploying web application directory [C:\Users\fdcen\Desktop\proyectos_git\dental-clinic\apache-tomcat-9.0.89\webapps\ROOT]
12-Jul-2024 23:46:07.371 INFO [main] org.apache.catalina.startup.HostConfig.deployDirectory Deployment of web application directory [C:\Users\fdcen\Desktop\proyectos_git\dental-clinic\apache-tomcat-9.0.89\webapps\ROOT] has finished in [15] ms
12-Jul-2024 23:46:07.373 INFO [main] org.apache.coyote.AbstractProtocol.start Starting ProtocolHandler ["http-nio-8080"]
12-Jul-2024 23:46:07.387 INFO [main] org.apache.catalina.startup.Catalina.start Server startup in [1314] milliseconds
12-Jul-2024 23:46:09.723 INFO [http-nio-8080-exec-8] org.apache.catalina.startup.HostConfig.undeploy Undeploying context [/dental-clinic]
12-Jul-2024 23:46:09.763 INFO [http-nio-8080-exec-3] org.apache.catalina.startup.HostConfig.deployDescriptor Deploying deployment descriptor [C:\Users\fdcen\Desktop\proyectos_git\dental-clinic\apache-tomcat-9.0.89\conf\Catalina\localhost\dental-clinic.xml]
12-Jul-2024 23:46:09.763 WARNING [http-nio-8080-exec-3] org.apache.catalina.startup.HostConfig.deployDescriptor The path attribute with value [/dental-clinic] in deployment descriptor [C:\Users\fdcen\Desktop\proyectos_git\dental-clinic\apache-tomcat-9.0.89\conf\Catalina\localhost\dental-clinic.xml] has been ignored
12-Jul-2024 23:46:10.380 INFO [http-nio-8080-exec-3] org.apache.jasper.servlet.TldScanner.scanJars At least one JAR was scanned for TLDs yet contained no TLDs. Enable debug logging for this logger for a complete list of JARs that were scanned but no TLDs were found in them. Skipping unneeded JARs during scanning can improve startup time and JSP compilation time.
12-Jul-2024 23:46:10.382 INFO [http-nio-8080-exec-3] org.apache.catalina.startup.HostConfig.deployDescriptor Deployment of deployment descriptor [C:\Users\fdcen\Desktop\proyectos_git\dental-clinic\apache-tomcat-9.0.89\conf\Catalina\localhost\dental-clinic.xml] has finished in [619] ms
12-Jul-2024 23:46:10.384 INFO [http-nio-8080-exec-6] org.apache.catalina.util.LifecycleBase.start The start() method was called on component [StandardEngine[Catalina].StandardHost[localhost].StandardContext[/dental-clinic]] after start() had already been called. The second call will be ignored.
12-Jul-2024 23:50:16.346 WARNING [http-nio-8080-exec-19] org.apache.catalina.loader.WebappClassLoaderBase.clearReferencesJdbc The web application [dental-clinic] registered the JDBC driver [com.mysql.cj.jdbc.Driver] but failed to unregister it when the web application was stopped. To prevent a memory leak, the JDBC Driver has been forcibly unregistered.
12-Jul-2024 23:50:16.346 WARNING [http-nio-8080-exec-19] org.apache.catalina.loader.WebappClassLoaderBase.clearReferencesThreads The web application [dental-clinic] appears to have started a thread named [mysql-cj-abandoned-connection-cleanup] but has failed to stop it. This is very likely to create a memory leak. Stack trace of thread:
 java.base/jdk.internal.misc.Unsafe.park(Native Method)
 java.base/java.util.concurrent.locks.LockSupport.parkNanos(LockSupport.java:269)
 java.base/java.util.concurrent.locks.AbstractQueuedSynchronizer$ConditionObject.await(AbstractQueuedSynchronizer.java:1847)
 java.base/java.lang.ref.ReferenceQueue.await(ReferenceQueue.java:71)
 java.base/java.lang.ref.ReferenceQueue.remove0(ReferenceQueue.java:143)
 java.base/java.lang.ref.ReferenceQueue.remove(ReferenceQueue.java:218)
 com.mysql.cj.jdbc.AbandonedConnectionCleanupThread.run(AbandonedConnectionCleanupThread.java:91)
 java.base/java.util.concurrent.ThreadPoolExecutor.runWorker(ThreadPoolExecutor.java:1144)
 java.base/java.util.concurrent.ThreadPoolExecutor$Worker.run(ThreadPoolExecutor.java:642)
 java.base/java.lang.Thread.run(Thread.java:1570)
12-Jul-2024 23:50:16.850 INFO [http-nio-8080-exec-19] org.apache.catalina.startup.HostConfig.undeploy Undeploying context [/dental-clinic]
12-Jul-2024 23:50:16.863 INFO [http-nio-8080-exec-13] org.apache.catalina.startup.HostConfig.deployDescriptor Deploying deployment descriptor [C:\Users\fdcen\Desktop\proyectos_git\dental-clinic\apache-tomcat-9.0.89\conf\Catalina\localhost\dental-clinic.xml]
12-Jul-2024 23:50:16.863 WARNING [http-nio-8080-exec-13] org.apache.catalina.startup.HostConfig.deployDescriptor The path attribute with value [/dental-clinic] in deployment descriptor [C:\Users\fdcen\Desktop\proyectos_git\dental-clinic\apache-tomcat-9.0.89\conf\Catalina\localhost\dental-clinic.xml] has been ignored
12-Jul-2024 23:50:17.486 INFO [http-nio-8080-exec-13] org.apache.jasper.servlet.TldScanner.scanJars At least one JAR was scanned for TLDs yet contained no TLDs. Enable debug logging for this logger for a complete list of JARs that were scanned but no TLDs were found in them. Skipping unneeded JARs during scanning can improve startup time and JSP compilation time.
12-Jul-2024 23:50:17.487 INFO [http-nio-8080-exec-13] org.apache.catalina.startup.HostConfig.deployDescriptor Deployment of deployment descriptor [C:\Users\fdcen\Desktop\proyectos_git\dental-clinic\apache-tomcat-9.0.89\conf\Catalina\localhost\dental-clinic.xml] has finished in [624] ms
12-Jul-2024 23:50:17.489 INFO [http-nio-8080-exec-17] org.apache.catalina.util.LifecycleBase.start The start() method was called on component [StandardEngine[Catalina].StandardHost[localhost].StandardContext[/dental-clinic]] after start() had already been called. The second call will be ignored.
12-Jul-2024 23:50:20.721 INFO [mysql-cj-abandoned-connection-cleanup] org.apache.catalina.loader.WebappClassLoaderBase.checkStateForResourceLoading Illegal access: this web application instance has been stopped already. Could not load []. The following stack trace is thrown for debugging purposes as well as to attempt to terminate the thread which caused the illegal access.
	java.lang.IllegalStateException: Illegal access: this web application instance has been stopped already. Could not load []. The following stack trace is thrown for debugging purposes as well as to attempt to terminate the thread which caused the illegal access.
		at org.apache.catalina.loader.WebappClassLoaderBase.checkStateForResourceLoading(WebappClassLoaderBase.java:1328)
		at org.apache.catalina.loader.WebappClassLoaderBase.getResource(WebappClassLoaderBase.java:960)
		at com.mysql.cj.jdbc.AbandonedConnectionCleanupThread.checkThreadContextClassLoader(AbandonedConnectionCleanupThread.java:123)
		at com.mysql.cj.jdbc.AbandonedConnectionCleanupThread.run(AbandonedConnectionCleanupThread.java:90)
		at java.base/java.util.concurrent.ThreadPoolExecutor.runWorker(ThreadPoolExecutor.java:1144)
		at java.base/java.util.concurrent.ThreadPoolExecutor$Worker.run(ThreadPoolExecutor.java:642)
		at java.base/java.lang.Thread.run(Thread.java:1570)
12-Jul-2024 23:59:04.434 WARNING [http-nio-8080-exec-25] org.apache.catalina.loader.WebappClassLoaderBase.clearReferencesJdbc The web application [dental-clinic] registered the JDBC driver [com.mysql.cj.jdbc.Driver] but failed to unregister it when the web application was stopped. To prevent a memory leak, the JDBC Driver has been forcibly unregistered.
12-Jul-2024 23:59:04.434 WARNING [http-nio-8080-exec-25] org.apache.catalina.loader.WebappClassLoaderBase.clearReferencesThreads The web application [dental-clinic] appears to have started a thread named [mysql-cj-abandoned-connection-cleanup] but has failed to stop it. This is very likely to create a memory leak. Stack trace of thread:
 java.base/jdk.internal.misc.Unsafe.park(Native Method)
 java.base/java.util.concurrent.locks.LockSupport.parkNanos(LockSupport.java:269)
 java.base/java.util.concurrent.locks.AbstractQueuedSynchronizer$ConditionObject.await(AbstractQueuedSynchronizer.java:1847)
 java.base/java.lang.ref.ReferenceQueue.await(ReferenceQueue.java:71)
 java.base/java.lang.ref.ReferenceQueue.remove0(ReferenceQueue.java:143)
 java.base/java.lang.ref.ReferenceQueue.remove(ReferenceQueue.java:218)
 com.mysql.cj.jdbc.AbandonedConnectionCleanupThread.run(AbandonedConnectionCleanupThread.java:91)
 java.base/java.util.concurrent.ThreadPoolExecutor.runWorker(ThreadPoolExecutor.java:1144)
 java.base/java.util.concurrent.ThreadPoolExecutor$Worker.run(ThreadPoolExecutor.java:642)
 java.base/java.lang.Thread.run(Thread.java:1570)
12-Jul-2024 23:59:04.941 INFO [http-nio-8080-exec-25] org.apache.catalina.startup.HostConfig.undeploy Undeploying context [/dental-clinic]
12-Jul-2024 23:59:04.954 INFO [http-nio-8080-exec-23] org.apache.catalina.startup.HostConfig.deployDescriptor Deploying deployment descriptor [C:\Users\fdcen\Desktop\proyectos_git\dental-clinic\apache-tomcat-9.0.89\conf\Catalina\localhost\dental-clinic.xml]
12-Jul-2024 23:59:04.955 WARNING [http-nio-8080-exec-23] org.apache.catalina.startup.HostConfig.deployDescriptor The path attribute with value [/dental-clinic] in deployment descriptor [C:\Users\fdcen\Desktop\proyectos_git\dental-clinic\apache-tomcat-9.0.89\conf\Catalina\localhost\dental-clinic.xml] has been ignored
12-Jul-2024 23:59:05.145 INFO [mysql-cj-abandoned-connection-cleanup] org.apache.catalina.loader.WebappClassLoaderBase.checkStateForResourceLoading Illegal access: this web application instance has been stopped already. Could not load []. The following stack trace is thrown for debugging purposes as well as to attempt to terminate the thread which caused the illegal access.
	java.lang.IllegalStateException: Illegal access: this web application instance has been stopped already. Could not load []. The following stack trace is thrown for debugging purposes as well as to attempt to terminate the thread which caused the illegal access.
		at org.apache.catalina.loader.WebappClassLoaderBase.checkStateForResourceLoading(WebappClassLoaderBase.java:1328)
		at org.apache.catalina.loader.WebappClassLoaderBase.getResource(WebappClassLoaderBase.java:960)
		at com.mysql.cj.jdbc.AbandonedConnectionCleanupThread.checkThreadContextClassLoader(AbandonedConnectionCleanupThread.java:123)
		at com.mysql.cj.jdbc.AbandonedConnectionCleanupThread.run(AbandonedConnectionCleanupThread.java:90)
		at java.base/java.util.concurrent.ThreadPoolExecutor.runWorker(ThreadPoolExecutor.java:1144)
		at java.base/java.util.concurrent.ThreadPoolExecutor$Worker.run(ThreadPoolExecutor.java:642)
		at java.base/java.lang.Thread.run(Thread.java:1570)
12-Jul-2024 23:59:05.497 INFO [http-nio-8080-exec-23] org.apache.jasper.servlet.TldScanner.scanJars At least one JAR was scanned for TLDs yet contained no TLDs. Enable debug logging for this logger for a complete list of JARs that were scanned but no TLDs were found in them. Skipping unneeded JARs during scanning can improve startup time and JSP compilation time.
12-Jul-2024 23:59:05.498 INFO [http-nio-8080-exec-23] org.apache.catalina.startup.HostConfig.deployDescriptor Deployment of deployment descriptor [C:\Users\fdcen\Desktop\proyectos_git\dental-clinic\apache-tomcat-9.0.89\conf\Catalina\localhost\dental-clinic.xml] has finished in [544] ms
12-Jul-2024 23:59:05.499 INFO [http-nio-8080-exec-26] org.apache.catalina.util.LifecycleBase.start The start() method was called on component [StandardEngine[Catalina].StandardHost[localhost].StandardContext[/dental-clinic]] after start() had already been called. The second call will be ignored.
